TN:
SF:App.tsx
FN:16,App
FN:34,(anonymous_1)
FN:39,(anonymous_2)
FN:41,(anonymous_3)
FN:42,(anonymous_4)
FN:45,(anonymous_5)
FN:93,(anonymous_6)
FN:95,(anonymous_7)
FN:121,(anonymous_8)
FN:128,(anonymous_9)
FN:153,(anonymous_10)
FN:258,(anonymous_11)
FN:265,(anonymous_12)
FN:290,(anonymous_13)
FN:314,(anonymous_14)
FN:381,(anonymous_15)
FN:386,(anonymous_16)
FN:391,(anonymous_17)
FN:410,(anonymous_18)
FN:425,(anonymous_19)
FN:437,(anonymous_20)
FN:446,(anonymous_21)
FN:450,(anonymous_22)
FN:474,(anonymous_23)
FN:478,(anonymous_24)
FN:492,(anonymous_25)
FN:507,(anonymous_26)
FN:513,(anonymous_27)
FN:514,(anonymous_28)
FN:517,(anonymous_29)
FN:533,(anonymous_30)
FN:544,(anonymous_31)
FN:556,(anonymous_32)
FN:565,(anonymous_33)
FN:572,(anonymous_34)
FN:579,(anonymous_35)
FN:586,(anonymous_36)
FN:587,(anonymous_37)
FN:608,(anonymous_38)
FN:662,(anonymous_39)
FN:669,(anonymous_40)
FN:688,(anonymous_41)
FN:689,(anonymous_42)
FNF:43
FNH:10
FNDA:9,App
FNDA:6,(anonymous_1)
FNDA:8,(anonymous_2)
FNDA:0,(anonymous_3)
FNDA:4,(anonymous_4)
FNDA:1,(anonymous_5)
FNDA:4,(anonymous_6)
FNDA:0,(anonymous_7)
FNDA:0,(anonymous_8)
FNDA:4,(anonymous_9)
FNDA:20,(anonymous_10)
FNDA:4,(anonymous_11)
FNDA:8,(anonymous_12)
FNDA:0,(anonymous_13)
FNDA:0,(anonymous_14)
FNDA:0,(anonymous_15)
FNDA:0,(anonymous_16)
FNDA:0,(anonymous_17)
FNDA:0,(anonymous_18)
FNDA:0,(anonymous_19)
FNDA:0,(anonymous_20)
FNDA:0,(anonymous_21)
FNDA:0,(anonymous_22)
FNDA:0,(anonymous_23)
FNDA:0,(anonymous_24)
FNDA:0,(anonymous_25)
FNDA:0,(anonymous_26)
FNDA:0,(anonymous_27)
FNDA:0,(anonymous_28)
FNDA:0,(anonymous_29)
FNDA:0,(anonymous_30)
FNDA:0,(anonymous_31)
FNDA:0,(anonymous_32)
FNDA:0,(anonymous_33)
FNDA:0,(anonymous_34)
FNDA:0,(anonymous_35)
FNDA:0,(anonymous_36)
FNDA:0,(anonymous_37)
FNDA:0,(anonymous_38)
FNDA:0,(anonymous_39)
FNDA:0,(anonymous_40)
FNDA:0,(anonymous_41)
FNDA:0,(anonymous_42)
DA:17,9
DA:18,9
DA:19,9
DA:20,9
DA:21,9
DA:22,9
DA:23,9
DA:24,9
DA:25,9
DA:26,9
DA:27,9
DA:28,9
DA:29,9
DA:30,9
DA:31,9
DA:33,9
DA:34,9
DA:35,6
DA:39,9
DA:40,8
DA:41,4
DA:42,4
DA:45,9
DA:46,1
DA:48,1
DA:51,1
DA:52,1
DA:53,1
DA:56,0
DA:57,0
DA:60,1
DA:61,1
DA:62,1
DA:63,1
DA:64,1
DA:68,0
DA:69,0
DA:70,0
DA:71,0
DA:72,0
DA:74,0
DA:78,0
DA:79,0
DA:80,0
DA:81,0
DA:82,0
DA:83,0
DA:85,0
DA:86,0
DA:87,0
DA:89,1
DA:93,9
DA:95,4
DA:96,0
DA:97,0
DA:98,0
DA:99,0
DA:100,0
DA:101,0
DA:102,0
DA:103,0
DA:104,0
DA:106,0
DA:110,0
DA:113,0
DA:114,0
DA:118,4
DA:121,4
DA:122,0
DA:123,0
DA:128,4
DA:130,4
DA:131,4
DA:132,4
DA:133,0
DA:134,0
DA:135,0
DA:136,0
DA:137,0
DA:138,0
DA:139,0
DA:140,0
DA:143,0
DA:144,0
DA:149,4
DA:151,4
DA:152,4
DA:153,4
DA:154,20
DA:157,4
DA:158,0
DA:159,0
DA:160,0
DA:163,4
DA:164,0
DA:165,0
DA:166,0
DA:167,0
DA:170,0
DA:171,0
DA:173,0
DA:174,0
DA:176,0
DA:180,4
DA:181,3
DA:182,2
DA:183,2
DA:186,2
DA:187,2
DA:188,0
DA:189,0
DA:190,0
DA:191,0
DA:192,0
DA:193,0
DA:194,0
DA:195,0
DA:201,2
DA:202,1
DA:204,1
DA:205,0
DA:206,0
DA:209,1
DA:212,1
DA:213,1
DA:214,0
DA:215,0
DA:217,1
DA:218,1
DA:219,1
DA:222,1
DA:225,1
DA:226,1
DA:227,1
DA:229,1
DA:233,1
DA:234,1
DA:235,1
DA:236,1
DA:239,1
DA:240,0
DA:241,0
DA:242,0
DA:243,1
DA:244,0
DA:245,0
DA:246,0
DA:247,0
DA:248,0
DA:251,1
DA:252,1
DA:254,1
DA:257,4
DA:258,4
DA:259,4
DA:260,4
DA:265,9
DA:266,8
DA:267,3
DA:268,0
DA:273,9
DA:290,0
DA:299,8
DA:300,4
DA:301,0
DA:314,4
DA:316,0
DA:317,0
DA:318,0
DA:319,0
DA:320,0
DA:321,0
DA:322,0
DA:323,0
DA:324,0
DA:325,0
DA:326,0
DA:332,0
DA:333,0
DA:334,0
DA:336,0
DA:337,0
DA:338,0
DA:341,0
DA:342,0
DA:344,0
DA:345,0
DA:346,0
DA:347,0
DA:349,0
DA:350,0
DA:352,0
DA:354,0
DA:356,0
DA:357,0
DA:358,0
DA:359,0
DA:360,0
DA:361,0
DA:362,0
DA:363,0
DA:364,0
DA:367,0
DA:368,0
DA:369,0
DA:370,0
DA:371,0
DA:373,0
DA:376,0
DA:377,0
DA:381,4
DA:382,0
DA:383,0
DA:386,4
DA:387,0
DA:388,0
DA:391,4
DA:392,0
DA:393,0
DA:394,0
DA:395,0
DA:396,0
DA:399,0
DA:401,0
DA:403,0
DA:404,0
DA:406,0
DA:410,4
DA:411,0
DA:412,0
DA:413,0
DA:414,0
DA:415,0
DA:417,0
DA:418,0
DA:419,0
DA:421,0
DA:425,4
DA:426,0
DA:427,0
DA:428,0
DA:429,0
DA:432,4
DA:438,0
DA:439,0
DA:447,0
DA:448,0
DA:451,0
DA:452,0
DA:453,0
DA:454,0
DA:455,0
DA:456,0
DA:457,0
DA:460,0
DA:462,0
DA:463,0
DA:464,0
DA:466,0
DA:474,0
DA:479,0
DA:480,0
DA:481,0
DA:482,0
DA:493,0
DA:494,0
DA:495,0
DA:496,0
DA:497,0
DA:508,0
DA:509,0
DA:510,0
DA:514,0
DA:515,0
DA:518,0
DA:519,0
DA:520,0
DA:521,0
DA:522,0
DA:523,0
DA:525,0
DA:526,0
DA:529,0
DA:530,0
DA:534,0
DA:535,0
DA:538,0
DA:540,0
DA:541,0
DA:542,0
DA:545,0
DA:546,0
DA:547,0
DA:548,0
DA:549,0
DA:551,0
DA:552,0
DA:553,0
DA:556,0
DA:566,0
DA:567,0
DA:568,0
DA:569,0
DA:570,0
DA:573,0
DA:576,0
DA:577,0
DA:579,0
DA:586,0
DA:588,0
DA:589,0
DA:590,0
DA:591,0
DA:592,0
DA:609,0
DA:610,0
DA:662,0
DA:669,0
DA:688,0
DA:689,0
LF:320
LH:95
BRDA:40,0,0,4
BRDA:40,0,1,4
BRDA:45,1,0,0
BRDA:52,2,0,1
BRDA:52,2,1,0
BRDA:68,3,0,0
BRDA:68,3,1,0
BRDA:69,4,0,0
BRDA:69,4,1,0
BRDA:69,5,0,0
BRDA:69,5,1,0
BRDA:78,6,0,0
BRDA:78,6,1,0
BRDA:80,7,0,0
BRDA:80,7,1,0
BRDA:80,8,0,0
BRDA:80,8,1,0
BRDA:82,9,0,0
BRDA:82,9,1,0
BRDA:86,10,0,0
BRDA:86,10,1,0
BRDA:89,11,0,0
BRDA:89,11,1,1
BRDA:98,12,0,0
BRDA:98,12,1,0
BRDA:98,13,0,0
BRDA:98,13,1,0
BRDA:99,14,0,0
BRDA:99,14,1,0
BRDA:99,15,0,0
BRDA:99,15,1,0
BRDA:102,16,0,0
BRDA:102,16,1,0
BRDA:102,17,0,0
BRDA:102,17,1,0
BRDA:110,18,0,0
BRDA:110,18,1,0
BRDA:111,19,0,0
BRDA:111,19,1,0
BRDA:113,20,0,0
BRDA:113,20,1,0
BRDA:122,21,0,0
BRDA:122,21,1,0
BRDA:132,22,0,0
BRDA:132,22,1,4
BRDA:135,23,0,0
BRDA:135,23,1,0
BRDA:137,24,0,0
BRDA:137,24,1,0
BRDA:154,25,0,20
BRDA:154,25,1,20
BRDA:157,26,0,0
BRDA:157,26,1,4
BRDA:163,27,0,0
BRDA:163,27,1,4
BRDA:163,28,0,4
BRDA:163,28,1,0
BRDA:163,28,2,0
BRDA:171,29,0,0
BRDA:171,29,1,0
BRDA:181,30,0,2
BRDA:181,30,1,1
BRDA:187,31,0,0
BRDA:187,31,1,2
BRDA:201,32,0,1
BRDA:201,32,1,1
BRDA:204,33,0,0
BRDA:204,33,1,1
BRDA:213,34,0,0
BRDA:213,34,1,1
BRDA:213,35,0,1
BRDA:213,35,1,1
BRDA:213,35,2,0
BRDA:218,36,0,1
BRDA:218,36,1,0
BRDA:226,37,0,1
BRDA:226,37,1,0
BRDA:239,38,0,0
BRDA:239,38,1,1
BRDA:241,39,0,0
BRDA:241,39,1,0
BRDA:241,40,0,0
BRDA:241,40,1,0
BRDA:243,41,0,0
BRDA:243,41,1,1
BRDA:252,42,0,1
BRDA:252,42,1,0
BRDA:266,43,0,3
BRDA:266,43,1,5
BRDA:266,44,0,8
BRDA:266,44,1,4
BRDA:267,45,0,0
BRDA:267,45,1,3
BRDA:267,46,0,3
BRDA:267,46,1,3
BRDA:273,47,0,1
BRDA:273,47,1,8
BRDA:299,48,0,4
BRDA:299,48,1,4
BRDA:300,49,0,4
BRDA:300,49,1,0
BRDA:317,50,0,0
BRDA:317,50,1,0
BRDA:332,51,0,0
BRDA:332,51,1,0
BRDA:336,52,0,0
BRDA:336,52,1,0
BRDA:345,53,0,0
BRDA:345,53,1,0
BRDA:345,54,0,0
BRDA:345,54,1,0
BRDA:358,55,0,0
BRDA:358,55,1,0
BRDA:360,56,0,0
BRDA:360,56,1,0
BRDA:363,57,0,0
BRDA:363,57,1,0
BRDA:364,58,0,0
BRDA:364,58,1,0
BRDA:364,59,0,0
BRDA:364,59,1,0
BRDA:395,60,0,0
BRDA:395,60,1,0
BRDA:396,61,0,0
BRDA:396,61,1,0
BRDA:396,62,0,0
BRDA:396,62,1,0
BRDA:435,63,0,4
BRDA:435,63,1,0
BRDA:444,64,0,4
BRDA:444,64,1,1
BRDA:452,65,0,0
BRDA:452,65,1,0
BRDA:453,66,0,0
BRDA:453,66,1,0
BRDA:456,67,0,0
BRDA:456,67,1,0
BRDA:457,68,0,0
BRDA:457,68,1,0
BRDA:457,69,0,0
BRDA:457,69,1,0
BRDA:469,70,0,4
BRDA:469,70,1,4
BRDA:469,70,2,0
BRDA:475,71,0,0
BRDA:475,71,1,0
BRDA:487,72,0,4
BRDA:487,72,1,0
BRDA:502,73,0,4
BRDA:502,73,1,0
BRDA:502,73,2,0
BRDA:509,74,0,0
BRDA:509,74,1,0
BRDA:518,75,0,0
BRDA:518,75,1,0
BRDA:519,76,0,0
BRDA:519,76,1,0
BRDA:534,77,0,0
BRDA:534,77,1,0
BRDA:535,78,0,0
BRDA:535,78,1,0
BRDA:535,79,0,0
BRDA:535,79,1,0
BRDA:540,80,0,0
BRDA:540,80,1,0
BRDA:545,81,0,0
BRDA:545,81,1,0
BRDA:551,82,0,0
BRDA:551,82,1,0
BRDA:560,83,0,4
BRDA:560,83,1,1
BRDA:560,83,2,1
BRDA:573,84,0,0
BRDA:573,84,1,0
BRDA:573,85,0,0
BRDA:573,85,1,0
BRDA:583,86,0,4
BRDA:583,86,1,2
BRDA:599,87,0,4
BRDA:599,87,1,0
BRDA:610,88,0,0
BRDA:610,88,1,0
BRDA:658,89,0,0
BRDA:658,89,1,0
BRDA:662,90,0,0
BRDA:662,90,1,0
BRDA:662,91,0,0
BRDA:662,91,1,0
BRDA:663,92,0,0
BRDA:663,92,1,0
BRDA:664,93,0,0
BRDA:664,93,1,0
BRDA:664,94,0,0
BRDA:664,94,1,0
BRDA:666,95,0,0
BRDA:666,95,1,0
BRDA:680,96,0,4
BRDA:680,96,1,0
BRF:198
BRH:50
end_of_record
TN:
SF:components/Button.tsx
FN:10,(anonymous_0)
FNF:1
FNH:1
FNDA:27,(anonymous_0)
DA:10,5
DA:20,27
DA:22,27
DA:30,27
DA:36,27
DA:38,27
LF:6
LH:6
BRDA:12,0,0,27
BRDA:13,1,0,1
BRDA:14,2,0,19
BRDA:15,3,0,20
BRDA:16,4,0,3
BRDA:36,5,0,8
BRDA:36,5,1,19
BRDA:41,6,0,27
BRDA:41,6,1,26
BRDA:44,7,0,0
BRDA:44,7,1,27
BRF:11
BRH:10
end_of_record
TN:
SF:components/CreatorDashboard.tsx
FN:39,(anonymous_0)
FN:47,(anonymous_1)
FN:73,(anonymous_2)
FN:103,(anonymous_3)
FN:104,(anonymous_4)
FN:108,(anonymous_5)
FN:110,(anonymous_6)
FN:203,(anonymous_7)
FN:212,(anonymous_8)
FN:228,(anonymous_9)
FN:235,(anonymous_10)
FN:278,(anonymous_11)
FN:285,(anonymous_12)
FN:289,(anonymous_13)
FN:290,(anonymous_14)
FN:292,(anonymous_15)
FN:293,(anonymous_16)
FN:297,(anonymous_17)
FN:299,(anonymous_18)
FN:301,(anonymous_19)
FN:305,(anonymous_20)
FN:306,(anonymous_21)
FN:307,(anonymous_22)
FN:308,(anonymous_23)
FN:311,(anonymous_24)
FN:320,(anonymous_25)
FN:321,(anonymous_26)
FN:323,(anonymous_27)
FN:327,(anonymous_28)
FN:331,(anonymous_29)
FN:339,(anonymous_30)
FN:343,(anonymous_31)
FN:348,(anonymous_32)
FN:358,(anonymous_33)
FN:359,(anonymous_34)
FN:374,(anonymous_35)
FN:379,(anonymous_36)
FN:379,(anonymous_37)
FN:383,(anonymous_38)
FN:396,(anonymous_39)
FN:400,(anonymous_40)
FN:400,(anonymous_41)
FN:402,(anonymous_42)
FN:412,(anonymous_43)
FN:427,(anonymous_44)
FN:428,(anonymous_45)
FN:440,(anonymous_46)
FN:443,(anonymous_47)
FN:448,(anonymous_48)
FN:450,(anonymous_49)
FN:461,(anonymous_50)
FN:464,(anonymous_51)
FN:496,(anonymous_52)
FN:529,(anonymous_53)
FN:541,(anonymous_54)
FN:542,(anonymous_55)
FN:543,(anonymous_56)
FN:547,(anonymous_57)
FN:554,(anonymous_58)
FN:556,(anonymous_59)
FN:559,(anonymous_60)
FN:562,(anonymous_61)
FN:563,(anonymous_62)
FN:567,(anonymous_63)
FN:575,(anonymous_64)
FN:579,(anonymous_65)
FN:583,(anonymous_66)
FN:588,(anonymous_67)
FN:590,(anonymous_68)
FN:592,(anonymous_69)
FN:597,(anonymous_70)
FN:606,(anonymous_71)
FN:612,(anonymous_72)
FN:618,(anonymous_73)
FN:623,(anonymous_74)
FN:641,(anonymous_75)
FN:646,(anonymous_76)
FN:656,(anonymous_77)
FN:658,(anonymous_78)
FN:658,(anonymous_79)
FN:660,(anonymous_80)
FN:663,(anonymous_81)
FN:669,(anonymous_82)
FN:670,(anonymous_83)
FN:673,(anonymous_84)
FN:681,(anonymous_85)
FN:686,(anonymous_86)
FN:691,(anonymous_87)
FN:695,(anonymous_88)
FN:700,(anonymous_89)
FN:706,(anonymous_90)
FN:714,(anonymous_91)
FN:719,(anonymous_92)
FN:722,(anonymous_93)
FN:727,(anonymous_94)
FN:732,(anonymous_95)
FN:734,(anonymous_96)
FN:735,(anonymous_97)
FN:740,(anonymous_98)
FN:740,(anonymous_99)
FN:744,(anonymous_100)
FN:746,(anonymous_101)
FN:748,(anonymous_102)
FN:754,(anonymous_103)
FN:761,(anonymous_104)
FN:763,(anonymous_105)
FN:764,(anonymous_106)
FN:778,(anonymous_107)
FN:779,(anonymous_108)
FN:788,(anonymous_109)
FN:789,(anonymous_110)
FN:793,(anonymous_111)
FN:799,(anonymous_112)
FN:804,(anonymous_113)
FN:810,(anonymous_114)
FN:817,(anonymous_115)
FN:824,(anonymous_116)
FN:832,(anonymous_117)
FN:849,(anonymous_118)
FN:861,(anonymous_119)
FN:861,(anonymous_120)
FN:864,(anonymous_121)
FN:869,(anonymous_122)
FN:882,(anonymous_123)
FN:885,(anonymous_124)
FN:887,(anonymous_125)
FN:888,(anonymous_126)
FN:891,(anonymous_127)
FN:895,(anonymous_128)
FN:899,(anonymous_129)
FN:900,(anonymous_130)
FN:904,(anonymous_131)
FN:905,(anonymous_132)
FN:908,(anonymous_133)
FN:910,(anonymous_134)
FN:916,(anonymous_135)
FN:918,(anonymous_136)
FN:919,(anonymous_137)
FN:920,(anonymous_138)
FN:925,(anonymous_139)
FN:928,(anonymous_140)
FN:933,(anonymous_141)
FN:952,(anonymous_142)
FN:978,(anonymous_143)
FN:986,(anonymous_144)
FN:998,(anonymous_145)
FN:1007,(anonymous_146)
FN:1012,(anonymous_147)
FN:1020,(anonymous_148)
FN:1020,(anonymous_149)
FN:1021,(anonymous_150)
FN:1032,(anonymous_151)
FN:1036,(anonymous_152)
FN:1037,(anonymous_153)
FN:1038,(anonymous_154)
FN:1042,(anonymous_155)
FN:1048,(anonymous_156)
FN:1054,(anonymous_157)
FN:1055,(anonymous_158)
FN:1059,(anonymous_159)
FN:1062,(anonymous_160)
FN:1066,(anonymous_161)
FN:1070,(anonymous_162)
FN:1076,(anonymous_163)
FN:1085,(anonymous_164)
FN:1086,(anonymous_165)
FN:1096,(anonymous_166)
FN:1108,(anonymous_167)
FN:1130,(anonymous_168)
FN:1130,(anonymous_169)
FN:1140,(anonymous_170)
FN:1141,(anonymous_171)
FN:1151,(anonymous_172)
FN:1165,(anonymous_173)
FN:1170,(anonymous_174)
FN:1188,(anonymous_175)
FN:1196,(anonymous_176)
FN:1203,(anonymous_177)
FN:1212,(anonymous_178)
FN:1223,(anonymous_179)
FN:1225,(anonymous_180)
FN:1250,(anonymous_181)
FN:1258,(anonymous_182)
FN:1260,(anonymous_183)
FN:1272,(anonymous_184)
FN:1274,(anonymous_185)
FN:1279,(anonymous_186)
FN:1285,(anonymous_187)
FN:1293,(anonymous_188)
FN:1294,(anonymous_189)
FN:1296,(anonymous_190)
FN:1300,(anonymous_191)
FN:1321,(anonymous_192)
FN:1343,(anonymous_193)
FN:1353,(anonymous_194)
FN:1354,(anonymous_195)
FN:1354,(anonymous_196)
FN:1357,(anonymous_197)
FN:1374,(anonymous_198)
FN:1396,(anonymous_199)
FN:1412,(anonymous_200)
FN:1429,(anonymous_201)
FN:1432,(anonymous_202)
FN:1445,(anonymous_203)
FN:1454,(anonymous_204)
FN:1455,(anonymous_205)
FN:1467,(anonymous_206)
FN:1473,(anonymous_207)
FN:1476,(anonymous_208)
FN:1478,(anonymous_209)
FN:1500,(anonymous_210)
FN:1503,(anonymous_211)
FN:1514,(anonymous_212)
FN:1519,(anonymous_213)
FN:1529,(anonymous_214)
FN:1532,(anonymous_215)
FN:1543,(anonymous_216)
FN:1578,(anonymous_217)
FN:1587,(anonymous_218)
FN:1602,(anonymous_219)
FN:1615,(anonymous_220)
FN:1637,(anonymous_221)
FN:1666,(anonymous_222)
FN:1726,(anonymous_223)
FN:1730,(anonymous_224)
FN:1741,(anonymous_225)
FN:1744,(anonymous_226)
FN:1778,(anonymous_227)
FN:1785,(anonymous_228)
FN:1796,(anonymous_229)
FN:1796,(anonymous_230)
FN:1799,(anonymous_231)
FN:1808,(anonymous_232)
FN:1823,(anonymous_233)
FN:1830,(anonymous_234)
FN:1859,(anonymous_235)
FN:1878,(anonymous_236)
FN:1881,(anonymous_237)
FN:1895,(anonymous_238)
FN:1902,(anonymous_239)
FN:1920,(anonymous_240)
FN:1929,(anonymous_241)
FN:1938,(anonymous_242)
FN:1939,(anonymous_243)
FN:1940,(anonymous_244)
FN:1951,(anonymous_245)
FN:1952,(anonymous_246)
FN:1953,(anonymous_247)
FN:2143,(anonymous_248)
FN:2165,(anonymous_249)
FN:2169,(anonymous_250)
FN:2170,(anonymous_251)
FN:2179,(anonymous_252)
FN:2190,(anonymous_253)
FN:2211,(anonymous_254)
FN:2253,(anonymous_255)
FN:2288,(anonymous_256)
FN:2288,(anonymous_257)
FN:2296,(anonymous_258)
FN:2296,(anonymous_259)
FN:2318,(anonymous_260)
FN:2326,(anonymous_261)
FN:2329,(anonymous_262)
FN:2362,(anonymous_263)
FN:2381,(anonymous_264)
FN:2390,(anonymous_265)
FN:2393,(anonymous_266)
FN:2394,(anonymous_267)
FN:2395,(anonymous_268)
FN:2406,(anonymous_269)
FN:2409,(anonymous_270)
FN:2410,(anonymous_271)
FN:2411,(anonymous_272)
FN:2426,(anonymous_273)
FN:2453,(anonymous_274)
FN:2523,(anonymous_275)
FN:2543,(anonymous_276)
FN:2575,(anonymous_277)
FN:2587,(anonymous_278)
FN:2590,(anonymous_279)
FN:2601,(anonymous_280)
FN:2607,(anonymous_281)
FN:2621,(anonymous_282)
FN:2626,(anonymous_283)
FN:2636,(anonymous_284)
FN:2671,(anonymous_285)
FN:2700,(anonymous_286)
FN:2803,(anonymous_287)
FN:2811,(anonymous_288)
FN:2829,(anonymous_289)
FN:2833,(anonymous_290)
FN:2838,(anonymous_291)
FN:2840,(anonymous_292)
FN:2862,(anonymous_293)
FN:2864,(anonymous_294)
FN:2879,(anonymous_295)
FN:2889,(anonymous_296)
FN:2901,(anonymous_297)
FN:2910,(anonymous_298)
FN:2915,(anonymous_299)
FN:2929,(anonymous_300)
FN:2960,(anonymous_301)
FN:2962,(anonymous_302)
FN:2963,(anonymous_303)
FN:2966,(anonymous_304)
FN:2980,(anonymous_305)
FN:2982,(anonymous_306)
FN:2996,(anonymous_307)
FN:3012,(anonymous_308)
FN:3013,(anonymous_309)
FN:3027,(anonymous_310)
FN:3039,(anonymous_311)
FN:3084,(anonymous_312)
FN:3098,(anonymous_313)
FN:3104,(anonymous_314)
FN:3114,(anonymous_315)
FN:3115,(anonymous_316)
FN:3116,(anonymous_317)
FN:3128,(anonymous_318)
FN:3130,(anonymous_319)
FN:3131,(anonymous_320)
FN:3134,(anonymous_321)
FN:3148,(anonymous_322)
FN:3150,(anonymous_323)
FN:3163,(anonymous_324)
FN:3179,(anonymous_325)
FN:3180,(anonymous_326)
FN:3189,(anonymous_327)
FN:3283,(anonymous_328)
FN:3292,(anonymous_329)
FN:3292,(anonymous_330)
FN:3292,(anonymous_331)
FN:3305,(anonymous_332)
FN:3311,(anonymous_333)
FN:3321,(anonymous_334)
FN:3323,(anonymous_335)
FN:3331,(anonymous_336)
FN:3333,(anonymous_337)
FN:3356,(anonymous_338)
FN:3392,(anonymous_339)
FN:3408,(anonymous_340)
FN:3421,(anonymous_341)
FN:3429,(anonymous_342)
FN:3445,(anonymous_343)
FN:3454,(anonymous_344)
FN:3468,(anonymous_345)
FN:3471,(anonymous_346)
FN:3481,(anonymous_347)
FN:3490,(anonymous_348)
FN:3501,(anonymous_349)
FN:3518,(anonymous_350)
FN:3527,(anonymous_351)
FN:3540,(anonymous_352)
FN:3541,(anonymous_353)
FN:3548,(anonymous_354)
FN:3582,(anonymous_355)
FN:3594,(anonymous_356)
FN:3597,(anonymous_357)
FN:3606,(anonymous_358)
FN:3610,(anonymous_359)
FN:3624,(anonymous_360)
FN:3624,(anonymous_361)
FN:3629,(anonymous_362)
FN:3636,(anonymous_363)
FN:3649,(anonymous_364)
FN:3650,(anonymous_365)
FN:3651,(anonymous_366)
FN:3656,(anonymous_367)
FN:3664,(anonymous_368)
FN:3670,(anonymous_369)
FN:3687,(anonymous_370)
FN:3688,(anonymous_371)
FN:3701,(anonymous_372)
FN:3708,(anonymous_373)
FN:3709,(anonymous_374)
FN:3711,(anonymous_375)
FN:3722,(anonymous_376)
FN:3726,(anonymous_377)
FN:3728,(anonymous_378)
FN:3732,(anonymous_379)
FN:3739,(anonymous_380)
FN:3740,(anonymous_381)
FN:3744,(anonymous_382)
FN:3745,(anonymous_383)
FN:3749,(anonymous_384)
FN:3750,(anonymous_385)
FN:3755,(anonymous_386)
FN:3774,(anonymous_387)
FN:3780,(anonymous_388)
FN:3781,(anonymous_389)
FN:3787,(anonymous_390)
FN:3792,(anonymous_391)
FN:3802,(anonymous_392)
FN:3813,(anonymous_393)
FN:3821,(anonymous_394)
FN:3830,(anonymous_395)
FN:3839,(anonymous_396)
FN:3842,(anonymous_397)
FN:3851,(anonymous_398)
FN:3855,(anonymous_399)
FN:3860,(anonymous_400)
FN:3864,(anonymous_401)
FN:3864,(anonymous_402)
FN:3871,(anonymous_403)
FN:3883,(anonymous_404)
FN:3889,(anonymous_405)
FN:3895,(anonymous_406)
FN:3910,(anonymous_407)
FN:3915,(anonymous_408)
FN:3919,(anonymous_409)
FN:3926,(anonymous_410)
FN:3932,(anonymous_411)
FN:3934,(anonymous_412)
FN:3951,(anonymous_413)
FN:3973,(anonymous_414)
FN:3984,(anonymous_415)
FN:3992,(anonymous_416)
FN:3996,(anonymous_417)
FN:3996,(anonymous_418)
FN:4017,(anonymous_419)
FN:4029,(anonymous_420)
FN:4041,(anonymous_421)
FN:4061,(anonymous_422)
FN:4066,(anonymous_423)
FN:4069,(anonymous_424)
FN:4070,(anonymous_425)
FN:4078,(anonymous_426)
FN:4106,(anonymous_427)
FN:4106,(anonymous_428)
FN:4108,(anonymous_429)
FN:4108,(anonymous_430)
FN:4122,(anonymous_431)
FN:4127,(anonymous_432)
FN:4140,(anonymous_433)
FN:4146,(anonymous_434)
FN:4165,(anonymous_435)
FN:4165,(anonymous_436)
FN:4173,(anonymous_437)
FN:4173,(anonymous_438)
FN:4191,(anonymous_439)
FN:4212,(anonymous_440)
FN:4235,(anonymous_441)
FN:4262,(anonymous_442)
FN:4298,(anonymous_443)
FN:4310,(anonymous_444)
FN:4321,(anonymous_445)
FN:4357,(anonymous_446)
FN:4369,(anonymous_447)
FN:4387,(anonymous_448)
FN:4456,(anonymous_449)
FN:4473,(anonymous_450)
FN:4474,(anonymous_451)
FN:4477,(anonymous_452)
FNF:453
FNH:73
FNDA:0,(anonymous_0)
FNDA:0,(anonymous_1)
FNDA:0,(anonymous_2)
FNDA:0,(anonymous_3)
FNDA:0,(anonymous_4)
FNDA:20,(anonymous_5)
FNDA:10,(anonymous_6)
FNDA:10,(anonymous_7)
FNDA:10,(anonymous_8)
FNDA:10,(anonymous_9)
FNDA:0,(anonymous_10)
FNDA:0,(anonymous_11)
FNDA:0,(anonymous_12)
FNDA:0,(anonymous_13)
FNDA:0,(anonymous_14)
FNDA:0,(anonymous_15)
FNDA:0,(anonymous_16)
FNDA:0,(anonymous_17)
FNDA:0,(anonymous_18)
FNDA:0,(anonymous_19)
FNDA:0,(anonymous_20)
FNDA:0,(anonymous_21)
FNDA:0,(anonymous_22)
FNDA:0,(anonymous_23)
FNDA:0,(anonymous_24)
FNDA:0,(anonymous_25)
FNDA:0,(anonymous_26)
FNDA:0,(anonymous_27)
FNDA:0,(anonymous_28)
FNDA:0,(anonymous_29)
FNDA:0,(anonymous_30)
FNDA:0,(anonymous_31)
FNDA:10,(anonymous_32)
FNDA:0,(anonymous_33)
FNDA:0,(anonymous_34)
FNDA:0,(anonymous_35)
FNDA:0,(anonymous_36)
FNDA:0,(anonymous_37)
FNDA:0,(anonymous_38)
FNDA:0,(anonymous_39)
FNDA:0,(anonymous_40)
FNDA:0,(anonymous_41)
FNDA:0,(anonymous_42)
FNDA:0,(anonymous_43)
FNDA:10,(anonymous_44)
FNDA:0,(anonymous_45)
FNDA:10,(anonymous_46)
FNDA:10,(anonymous_47)
FNDA:10,(anonymous_48)
FNDA:800,(anonymous_49)
FNDA:19,(anonymous_50)
FNDA:18,(anonymous_51)
FNDA:27,(anonymous_52)
FNDA:0,(anonymous_53)
FNDA:9,(anonymous_54)
FNDA:9,(anonymous_55)
FNDA:0,(anonymous_56)
FNDA:19,(anonymous_57)
FNDA:0,(anonymous_58)
FNDA:0,(anonymous_59)
FNDA:0,(anonymous_60)
FNDA:0,(anonymous_61)
FNDA:0,(anonymous_62)
FNDA:0,(anonymous_63)
FNDA:0,(anonymous_64)
FNDA:0,(anonymous_65)
FNDA:10,(anonymous_66)
FNDA:0,(anonymous_67)
FNDA:0,(anonymous_68)
FNDA:10,(anonymous_69)
FNDA:10,(anonymous_70)
FNDA:0,(anonymous_71)
FNDA:0,(anonymous_72)
FNDA:10,(anonymous_73)
FNDA:10,(anonymous_74)
FNDA:10,(anonymous_75)
FNDA:10,(anonymous_76)
FNDA:10,(anonymous_77)
FNDA:0,(anonymous_78)
FNDA:0,(anonymous_79)
FNDA:0,(anonymous_80)
FNDA:0,(anonymous_81)
FNDA:0,(anonymous_82)
FNDA:0,(anonymous_83)
FNDA:0,(anonymous_84)
FNDA:0,(anonymous_85)
FNDA:0,(anonymous_86)
FNDA:0,(anonymous_87)
FNDA:0,(anonymous_88)
FNDA:10,(anonymous_89)
FNDA:10,(anonymous_90)
FNDA:10,(anonymous_91)
FNDA:10,(anonymous_92)
FNDA:0,(anonymous_93)
FNDA:0,(anonymous_94)
FNDA:0,(anonymous_95)
FNDA:0,(anonymous_96)
FNDA:0,(anonymous_97)
FNDA:0,(anonymous_98)
FNDA:0,(anonymous_99)
FNDA:10,(anonymous_100)
FNDA:0,(anonymous_101)
FNDA:0,(anonymous_102)
FNDA:10,(anonymous_103)
FNDA:10,(anonymous_104)
FNDA:0,(anonymous_105)
FNDA:0,(anonymous_106)
FNDA:0,(anonymous_107)
FNDA:0,(anonymous_108)
FNDA:10,(anonymous_109)
FNDA:10,(anonymous_110)
FNDA:10,(anonymous_111)
FNDA:10,(anonymous_112)
FNDA:0,(anonymous_113)
FNDA:0,(anonymous_114)
FNDA:0,(anonymous_115)
FNDA:0,(anonymous_116)
FNDA:0,(anonymous_117)
FNDA:0,(anonymous_118)
FNDA:19,(anonymous_119)
FNDA:18,(anonymous_120)
FNDA:19,(anonymous_121)
FNDA:18,(anonymous_122)
FNDA:9,(anonymous_123)
FNDA:19,(anonymous_124)
FNDA:18,(anonymous_125)
FNDA:0,(anonymous_126)
FNDA:19,(anonymous_127)
FNDA:18,(anonymous_128)
FNDA:9,(anonymous_129)
FNDA:0,(anonymous_130)
FNDA:9,(anonymous_131)
FNDA:9,(anonymous_132)
FNDA:9,(anonymous_133)
FNDA:9,(anonymous_134)
FNDA:18,(anonymous_135)
FNDA:18,(anonymous_136)
FNDA:18,(anonymous_137)
FNDA:18,(anonymous_138)
FNDA:18,(anonymous_139)
FNDA:9,(anonymous_140)
FNDA:0,(anonymous_141)
FNDA:0,(anonymous_142)
FNDA:0,(anonymous_143)
FNDA:0,(anonymous_144)
FNDA:0,(anonymous_145)
FNDA:0,(anonymous_146)
FNDA:0,(anonymous_147)
FNDA:0,(anonymous_148)
FNDA:0,(anonymous_149)
FNDA:0,(anonymous_150)
FNDA:19,(anonymous_151)
FNDA:0,(anonymous_152)
FNDA:0,(anonymous_153)
FNDA:0,(anonymous_154)
FNDA:10,(anonymous_155)
FNDA:10,(anonymous_156)
FNDA:19,(anonymous_157)
FNDA:0,(anonymous_158)
FNDA:10,(anonymous_159)
FNDA:0,(anonymous_160)
FNDA:0,(anonymous_161)
FNDA:0,(anonymous_162)
FNDA:0,(anonymous_163)
FNDA:0,(anonymous_164)
FNDA:0,(anonymous_165)
FNDA:0,(anonymous_166)
FNDA:0,(anonymous_167)
FNDA:0,(anonymous_168)
FNDA:0,(anonymous_169)
FNDA:0,(anonymous_170)
FNDA:0,(anonymous_171)
FNDA:0,(anonymous_172)
FNDA:1,(anonymous_173)
FNDA:1,(anonymous_174)
FNDA:1,(anonymous_175)
FNDA:0,(anonymous_176)
FNDA:0,(anonymous_177)
FNDA:0,(anonymous_178)
FNDA:0,(anonymous_179)
FNDA:0,(anonymous_180)
FNDA:0,(anonymous_181)
FNDA:0,(anonymous_182)
FNDA:0,(anonymous_183)
FNDA:0,(anonymous_184)
FNDA:0,(anonymous_185)
FNDA:0,(anonymous_186)
FNDA:0,(anonymous_187)
FNDA:0,(anonymous_188)
FNDA:0,(anonymous_189)
FNDA:0,(anonymous_190)
FNDA:0,(anonymous_191)
FNDA:0,(anonymous_192)
FNDA:0,(anonymous_193)
FNDA:0,(anonymous_194)
FNDA:0,(anonymous_195)
FNDA:0,(anonymous_196)
FNDA:0,(anonymous_197)
FNDA:0,(anonymous_198)
FNDA:0,(anonymous_199)
FNDA:0,(anonymous_200)
FNDA:0,(anonymous_201)
FNDA:0,(anonymous_202)
FNDA:0,(anonymous_203)
FNDA:19,(anonymous_204)
FNDA:18,(anonymous_205)
FNDA:0,(anonymous_206)
FNDA:0,(anonymous_207)
FNDA:171,(anonymous_208)
FNDA:1,(anonymous_209)
FNDA:19,(anonymous_210)
FNDA:0,(anonymous_211)
FNDA:9,(anonymous_212)
FNDA:0,(anonymous_213)
FNDA:0,(anonymous_214)
FNDA:0,(anonymous_215)
FNDA:0,(anonymous_216)
FNDA:0,(anonymous_217)
FNDA:0,(anonymous_218)
FNDA:10,(anonymous_219)
FNDA:0,(anonymous_220)
FNDA:0,(anonymous_221)
FNDA:0,(anonymous_222)
FNDA:0,(anonymous_223)
FNDA:0,(anonymous_224)
FNDA:60,(anonymous_225)
FNDA:0,(anonymous_226)
FNDA:0,(anonymous_227)
FNDA:20,(anonymous_228)
FNDA:0,(anonymous_229)
FNDA:0,(anonymous_230)
FNDA:0,(anonymous_231)
FNDA:0,(anonymous_232)
FNDA:0,(anonymous_233)
FNDA:0,(anonymous_234)
FNDA:0,(anonymous_235)
FNDA:0,(anonymous_236)
FNDA:0,(anonymous_237)
FNDA:0,(anonymous_238)
FNDA:0,(anonymous_239)
FNDA:0,(anonymous_240)
FNDA:0,(anonymous_241)
FNDA:0,(anonymous_242)
FNDA:0,(anonymous_243)
FNDA:0,(anonymous_244)
FNDA:0,(anonymous_245)
FNDA:0,(anonymous_246)
FNDA:0,(anonymous_247)
FNDA:0,(anonymous_248)
FNDA:0,(anonymous_249)
FNDA:0,(anonymous_250)
FNDA:0,(anonymous_251)
FNDA:0,(anonymous_252)
FNDA:0,(anonymous_253)
FNDA:0,(anonymous_254)
FNDA:0,(anonymous_255)
FNDA:0,(anonymous_256)
FNDA:0,(anonymous_257)
FNDA:0,(anonymous_258)
FNDA:0,(anonymous_259)
FNDA:0,(anonymous_260)
FNDA:0,(anonymous_261)
FNDA:0,(anonymous_262)
FNDA:0,(anonymous_263)
FNDA:0,(anonymous_264)
FNDA:0,(anonymous_265)
FNDA:0,(anonymous_266)
FNDA:0,(anonymous_267)
FNDA:0,(anonymous_268)
FNDA:0,(anonymous_269)
FNDA:0,(anonymous_270)
FNDA:0,(anonymous_271)
FNDA:0,(anonymous_272)
FNDA:0,(anonymous_273)
FNDA:0,(anonymous_274)
FNDA:0,(anonymous_275)
FNDA:0,(anonymous_276)
FNDA:0,(anonymous_277)
FNDA:0,(anonymous_278)
FNDA:0,(anonymous_279)
FNDA:0,(anonymous_280)
FNDA:0,(anonymous_281)
FNDA:0,(anonymous_282)
FNDA:0,(anonymous_283)
FNDA:0,(anonymous_284)
FNDA:0,(anonymous_285)
FNDA:0,(anonymous_286)
FNDA:0,(anonymous_287)
FNDA:0,(anonymous_288)
FNDA:0,(anonymous_289)
FNDA:0,(anonymous_290)
FNDA:0,(anonymous_291)
FNDA:0,(anonymous_292)
FNDA:0,(anonymous_293)
FNDA:0,(anonymous_294)
FNDA:0,(anonymous_295)
FNDA:0,(anonymous_296)
FNDA:0,(anonymous_297)
FNDA:0,(anonymous_298)
FNDA:0,(anonymous_299)
FNDA:0,(anonymous_300)
FNDA:0,(anonymous_301)
FNDA:0,(anonymous_302)
FNDA:0,(anonymous_303)
FNDA:0,(anonymous_304)
FNDA:0,(anonymous_305)
FNDA:0,(anonymous_306)
FNDA:0,(anonymous_307)
FNDA:0,(anonymous_308)
FNDA:0,(anonymous_309)
FNDA:0,(anonymous_310)
FNDA:0,(anonymous_311)
FNDA:0,(anonymous_312)
FNDA:0,(anonymous_313)
FNDA:0,(anonymous_314)
FNDA:0,(anonymous_315)
FNDA:0,(anonymous_316)
FNDA:0,(anonymous_317)
FNDA:0,(anonymous_318)
FNDA:0,(anonymous_319)
FNDA:0,(anonymous_320)
FNDA:0,(anonymous_321)
FNDA:0,(anonymous_322)
FNDA:0,(anonymous_323)
FNDA:0,(anonymous_324)
FNDA:0,(anonymous_325)
FNDA:0,(anonymous_326)
FNDA:0,(anonymous_327)
FNDA:0,(anonymous_328)
FNDA:0,(anonymous_329)
FNDA:0,(anonymous_330)
FNDA:0,(anonymous_331)
FNDA:0,(anonymous_332)
FNDA:0,(anonymous_333)
FNDA:0,(anonymous_334)
FNDA:0,(anonymous_335)
FNDA:0,(anonymous_336)
FNDA:0,(anonymous_337)
FNDA:0,(anonymous_338)
FNDA:0,(anonymous_339)
FNDA:0,(anonymous_340)
FNDA:0,(anonymous_341)
FNDA:0,(anonymous_342)
FNDA:0,(anonymous_343)
FNDA:0,(anonymous_344)
FNDA:0,(anonymous_345)
FNDA:0,(anonymous_346)
FNDA:0,(anonymous_347)
FNDA:0,(anonymous_348)
FNDA:0,(anonymous_349)
FNDA:0,(anonymous_350)
FNDA:0,(anonymous_351)
FNDA:0,(anonymous_352)
FNDA:0,(anonymous_353)
FNDA:0,(anonymous_354)
FNDA:0,(anonymous_355)
FNDA:0,(anonymous_356)
FNDA:0,(anonymous_357)
FNDA:0,(anonymous_358)
FNDA:0,(anonymous_359)
FNDA:0,(anonymous_360)
FNDA:0,(anonymous_361)
FNDA:0,(anonymous_362)
FNDA:0,(anonymous_363)
FNDA:0,(anonymous_364)
FNDA:0,(anonymous_365)
FNDA:0,(anonymous_366)
FNDA:0,(anonymous_367)
FNDA:0,(anonymous_368)
FNDA:0,(anonymous_369)
FNDA:0,(anonymous_370)
FNDA:0,(anonymous_371)
FNDA:0,(anonymous_372)
FNDA:0,(anonymous_373)
FNDA:0,(anonymous_374)
FNDA:0,(anonymous_375)
FNDA:0,(anonymous_376)
FNDA:0,(anonymous_377)
FNDA:0,(anonymous_378)
FNDA:0,(anonymous_379)
FNDA:0,(anonymous_380)
FNDA:0,(anonymous_381)
FNDA:0,(anonymous_382)
FNDA:0,(anonymous_383)
FNDA:0,(anonymous_384)
FNDA:0,(anonymous_385)
FNDA:0,(anonymous_386)
FNDA:0,(anonymous_387)
FNDA:0,(anonymous_388)
FNDA:0,(anonymous_389)
FNDA:0,(anonymous_390)
FNDA:0,(anonymous_391)
FNDA:0,(anonymous_392)
FNDA:0,(anonymous_393)
FNDA:0,(anonymous_394)
FNDA:0,(anonymous_395)
FNDA:0,(anonymous_396)
FNDA:0,(anonymous_397)
FNDA:0,(anonymous_398)
FNDA:0,(anonymous_399)
FNDA:0,(anonymous_400)
FNDA:0,(anonymous_401)
FNDA:0,(anonymous_402)
FNDA:0,(anonymous_403)
FNDA:0,(anonymous_404)
FNDA:0,(anonymous_405)
FNDA:0,(anonymous_406)
FNDA:0,(anonymous_407)
FNDA:0,(anonymous_408)
FNDA:0,(anonymous_409)
FNDA:0,(anonymous_410)
FNDA:0,(anonymous_411)
FNDA:0,(anonymous_412)
FNDA:0,(anonymous_413)
FNDA:0,(anonymous_414)
FNDA:0,(anonymous_415)
FNDA:0,(anonymous_416)
FNDA:0,(anonymous_417)
FNDA:0,(anonymous_418)
FNDA:0,(anonymous_419)
FNDA:0,(anonymous_420)
FNDA:0,(anonymous_421)
FNDA:0,(anonymous_422)
FNDA:0,(anonymous_423)
FNDA:0,(anonymous_424)
FNDA:0,(anonymous_425)
FNDA:0,(anonymous_426)
FNDA:0,(anonymous_427)
FNDA:0,(anonymous_428)
FNDA:0,(anonymous_429)
FNDA:0,(anonymous_430)
FNDA:0,(anonymous_431)
FNDA:0,(anonymous_432)
FNDA:0,(anonymous_433)
FNDA:0,(anonymous_434)
FNDA:0,(anonymous_435)
FNDA:0,(anonymous_436)
FNDA:0,(anonymous_437)
FNDA:0,(anonymous_438)
FNDA:0,(anonymous_439)
FNDA:0,(anonymous_440)
FNDA:0,(anonymous_441)
FNDA:0,(anonymous_442)
FNDA:0,(anonymous_443)
FNDA:0,(anonymous_444)
FNDA:0,(anonymous_445)
FNDA:0,(anonymous_446)
FNDA:0,(anonymous_447)
FNDA:0,(anonymous_448)
FNDA:0,(anonymous_449)
FNDA:0,(anonymous_450)
FNDA:0,(anonymous_451)
FNDA:0,(anonymous_452)
DA:31,2
DA:39,2
DA:40,0
DA:41,0
DA:42,0
DA:43,0
DA:47,2
DA:48,0
DA:49,0
DA:50,0
DA:51,0
DA:52,0
DA:53,0
DA:54,0
DA:55,0
DA:57,0
DA:58,0
DA:59,0
DA:60,0
DA:61,0
DA:63,0
DA:64,0
DA:65,0
DA:66,0
DA:70,0
DA:73,2
DA:74,0
DA:75,0
DA:76,0
DA:77,0
DA:80,2
DA:103,2
DA:104,2
DA:105,0
DA:108,2
DA:109,20
DA:110,20
DA:111,10
DA:112,10
DA:113,0
DA:114,0
DA:115,0
DA:118,10
DA:120,20
DA:121,20
DA:122,20
DA:123,20
DA:124,20
DA:125,20
DA:126,20
DA:127,20
DA:130,20
DA:131,20
DA:132,20
DA:135,20
DA:136,20
DA:137,20
DA:140,20
DA:141,20
DA:143,20
DA:144,20
DA:145,20
DA:148,20
DA:149,20
DA:152,20
DA:153,20
DA:154,20
DA:155,20
DA:156,20
DA:157,20
DA:158,20
DA:161,20
DA:162,20
DA:163,20
DA:164,20
DA:165,20
DA:166,20
DA:167,20
DA:168,20
DA:169,20
DA:170,20
DA:171,20
DA:172,20
DA:175,20
DA:176,20
DA:177,20
DA:178,20
DA:181,20
DA:182,20
DA:183,20
DA:184,20
DA:185,20
DA:186,20
DA:187,20
DA:188,20
DA:191,20
DA:192,20
DA:195,20
DA:196,20
DA:198,20
DA:199,20
DA:200,20
DA:201,20
DA:203,20
DA:204,10
DA:205,10
DA:206,10
DA:208,0
DA:212,20
DA:213,10
DA:214,10
DA:215,0
DA:219,20
DA:220,20
DA:221,20
DA:222,20
DA:223,20
DA:224,20
DA:225,20
DA:228,20
DA:229,10
DA:230,10
DA:231,10
DA:232,0
DA:235,20
DA:236,0
DA:237,0
DA:238,0
DA:239,0
DA:240,0
DA:244,20
DA:245,20
DA:248,20
DA:249,20
DA:250,20
DA:251,20
DA:254,20
DA:257,20
DA:258,20
DA:259,20
DA:260,20
DA:261,20
DA:264,20
DA:265,20
DA:266,20
DA:267,20
DA:269,20
DA:278,20
DA:279,0
DA:280,0
DA:285,0
DA:286,0
DA:289,20
DA:290,0
DA:292,0
DA:293,0
DA:297,20
DA:298,0
DA:299,0
DA:301,0
DA:305,20
DA:306,0
DA:307,0
DA:308,0
DA:309,0
DA:310,0
DA:311,0
DA:312,0
DA:313,0
DA:314,0
DA:316,0
DA:320,20
DA:321,0
DA:323,0
DA:327,20
DA:328,0
DA:331,20
DA:332,0
DA:334,0
DA:335,0
DA:336,0
DA:337,0
DA:339,0
DA:340,0
DA:343,20
DA:344,0
DA:348,20
DA:349,10
DA:351,20
DA:352,20
DA:353,20
DA:354,20
DA:355,20
DA:356,20
DA:358,20
DA:359,0
DA:360,0
DA:362,0
DA:363,0
DA:364,0
DA:366,0
DA:368,0
DA:369,0
DA:371,0
DA:374,20
DA:375,0
DA:376,0
DA:377,0
DA:378,0
DA:379,0
DA:380,0
DA:381,0
DA:384,0
DA:388,0
DA:389,0
DA:390,0
DA:392,0
DA:396,20
DA:397,0
DA:398,0
DA:399,0
DA:400,0
DA:401,0
DA:402,0
DA:404,0
DA:405,0
DA:406,0
DA:408,0
DA:412,20
DA:413,0
DA:414,0
DA:415,0
DA:416,0
DA:417,0
DA:418,0
DA:420,0
DA:422,0
DA:423,0
DA:427,20
DA:428,10
DA:429,0
DA:430,0
DA:431,0
DA:432,0
DA:433,0
DA:434,0
DA:435,0
DA:439,10
DA:440,10
DA:443,20
DA:444,10
DA:448,20
DA:449,10
DA:450,800
DA:461,20
DA:462,19
DA:464,19
DA:466,18
DA:468,18
DA:471,18
DA:472,9
DA:483,18
DA:484,0
DA:485,0
DA:496,18
DA:497,27
DA:498,27
DA:500,27
DA:501,0
DA:502,0
DA:504,0
DA:516,18
DA:517,0
DA:529,19
DA:530,0
DA:539,19
DA:540,19
DA:541,9
DA:542,9
DA:543,0
DA:547,20
DA:548,19
DA:549,19
DA:550,0
DA:554,20
DA:555,0
DA:556,0
DA:559,20
DA:560,0
DA:561,0
DA:562,0
DA:563,0
DA:567,20
DA:568,0
DA:569,0
DA:570,0
DA:572,0
DA:575,20
DA:576,0
DA:577,0
DA:579,0
DA:580,0
DA:583,20
DA:584,10
DA:587,10
DA:588,10
DA:589,0
DA:590,0
DA:592,10
DA:597,20
DA:598,10
DA:599,10
DA:601,0
DA:602,0
DA:603,0
DA:606,0
DA:607,0
DA:608,0
DA:609,0
DA:610,0
DA:611,0
DA:612,0
DA:618,20
DA:619,10
DA:623,20
DA:624,10
DA:625,0
DA:626,0
DA:627,0
DA:628,0
DA:630,0
DA:631,0
DA:632,0
DA:633,0
DA:634,0
DA:635,0
DA:641,20
DA:642,10
DA:646,20
DA:647,10
DA:648,0
DA:649,0
DA:650,0
DA:651,0
DA:656,20
DA:657,10
DA:658,0
DA:659,0
DA:660,0
DA:663,20
DA:664,0
DA:665,0
DA:666,0
DA:667,0
DA:668,0
DA:669,0
DA:670,0
DA:673,20
DA:675,0
DA:676,0
DA:678,0
DA:681,20
DA:682,0
DA:683,0
DA:686,20
DA:687,0
DA:688,0
DA:689,0
DA:691,0
DA:695,20
DA:696,0
DA:697,0
DA:700,20
DA:701,10
DA:702,0
DA:706,20
DA:707,10
DA:708,0
DA:709,10
DA:710,0
DA:714,20
DA:715,10
DA:719,20
DA:722,20
DA:723,0
DA:724,0
DA:725,0
DA:726,0
DA:727,0
DA:731,0
DA:732,0
DA:734,0
DA:735,0
DA:736,0
DA:740,0
DA:744,20
DA:745,10
DA:746,0
DA:747,0
DA:748,0
DA:749,0
DA:750,0
DA:754,20
DA:755,10
DA:758,10
DA:761,10
DA:762,10
DA:763,0
DA:764,0
DA:765,0
DA:766,0
DA:767,0
DA:769,0
DA:772,10
DA:775,10
DA:776,0
DA:777,0
DA:778,0
DA:779,0
DA:780,0
DA:781,0
DA:787,10
DA:788,10
DA:789,10
DA:791,10
DA:792,10
DA:793,10
DA:796,10
DA:799,20
DA:800,10
DA:801,10
DA:804,20
DA:805,0
DA:806,0
DA:807,0
DA:810,20
DA:811,0
DA:812,0
DA:813,0
DA:814,0
DA:817,20
DA:818,0
DA:819,0
DA:820,0
DA:821,0
DA:824,20
DA:825,0
DA:826,0
DA:827,0
DA:828,0
DA:832,20
DA:833,0
DA:834,0
DA:836,0
DA:838,0
DA:839,0
DA:841,0
DA:844,0
DA:846,0
DA:849,20
DA:850,0
DA:851,0
DA:852,0
DA:853,0
DA:854,0
DA:856,0
DA:861,20
DA:864,20
DA:865,19
DA:867,9
DA:869,9
DA:870,18
DA:871,18
DA:873,18
DA:874,18
DA:875,18
DA:877,18
DA:878,18
DA:879,0
DA:882,9
DA:885,20
DA:886,19
DA:887,18
DA:888,0
DA:891,20
DA:892,19
DA:893,19
DA:895,19
DA:898,19
DA:899,9
DA:900,0
DA:903,19
DA:904,9
DA:905,9
DA:908,19
DA:909,19
DA:910,9
DA:913,19
DA:916,19
DA:918,19
DA:919,19
DA:920,19
DA:921,19
DA:922,19
DA:925,19
DA:926,19
DA:927,19
DA:928,9
DA:929,9
DA:930,9
DA:933,19
DA:934,19
DA:936,19
DA:952,20
DA:954,0
DA:955,0
DA:957,0
DA:958,0
DA:960,0
DA:961,0
DA:962,0
DA:964,0
DA:970,0
DA:972,0
DA:973,0
DA:974,0
DA:975,0
DA:976,0
DA:977,0
DA:978,0
DA:980,0
DA:982,0
DA:986,20
DA:987,0
DA:988,0
DA:989,0
DA:990,0
DA:991,0
DA:993,0
DA:996,0
DA:997,0
DA:998,0
DA:1001,0
DA:1003,0
DA:1007,20
DA:1008,0
DA:1009,0
DA:1012,0
DA:1013,0
DA:1015,0
DA:1016,0
DA:1018,0
DA:1020,0
DA:1021,0
DA:1023,0
DA:1024,0
DA:1025,0
DA:1026,0
DA:1027,0
DA:1032,20
DA:1033,19
DA:1034,0
DA:1035,0
DA:1036,0
DA:1037,0
DA:1038,0
DA:1042,20
DA:1043,10
DA:1044,0
DA:1048,20
DA:1049,10
DA:1050,10
DA:1054,20
DA:1055,19
DA:1056,19
DA:1059,20
DA:1061,10
DA:1062,0
DA:1066,20
DA:1067,0
DA:1068,0
DA:1070,0
DA:1071,0
DA:1072,0
DA:1073,0
DA:1076,20
DA:1077,0
DA:1078,0
DA:1079,0
DA:1080,0
DA:1081,0
DA:1083,0
DA:1084,0
DA:1085,0
DA:1086,0
DA:1088,0
DA:1089,0
DA:1091,0
DA:1092,0
DA:1096,20
DA:1097,0
DA:1099,0
DA:1100,0
DA:1101,0
DA:1105,0
DA:1106,0
DA:1108,0
DA:1112,0
DA:1115,0
DA:1117,0
DA:1119,0
DA:1120,0
DA:1121,0
DA:1124,0
DA:1125,0
DA:1128,0
DA:1129,0
DA:1130,0
DA:1133,0
DA:1134,0
DA:1136,0
DA:1137,0
DA:1138,0
DA:1139,0
DA:1140,0
DA:1141,0
DA:1144,0
DA:1145,0
DA:1147,0
DA:1151,20
DA:1152,0
DA:1153,0
DA:1154,0
DA:1156,0
DA:1157,0
DA:1159,0
DA:1160,0
DA:1161,0
DA:1162,0
DA:1165,20
DA:1166,1
DA:1167,0
DA:1170,20
DA:1171,1
DA:1172,0
DA:1173,0
DA:1174,0
DA:1175,1
DA:1176,0
DA:1179,1
DA:1180,1
DA:1182,1
DA:1183,1
DA:1184,1
DA:1185,1
DA:1188,20
DA:1189,1
DA:1190,0
DA:1191,0
DA:1193,1
DA:1196,20
DA:1197,0
DA:1198,0
DA:1199,0
DA:1200,0
DA:1201,0
DA:1202,0
DA:1203,0
DA:1205,0
DA:1206,0
DA:1208,0
DA:1212,20
DA:1213,0
DA:1214,0
DA:1215,0
DA:1216,0
DA:1217,0
DA:1218,0
DA:1222,0
DA:1223,0
DA:1224,0
DA:1225,0
DA:1226,0
DA:1227,0
DA:1228,0
DA:1229,0
DA:1231,0
DA:1232,0
DA:1233,0
DA:1234,0
DA:1237,0
DA:1238,0
DA:1239,0
DA:1243,0
DA:1244,0
DA:1245,0
DA:1246,0
DA:1249,0
DA:1250,0
DA:1252,0
DA:1254,0
DA:1258,20
DA:1259,0
DA:1260,0
DA:1264,0
DA:1265,0
DA:1266,0
DA:1267,0
DA:1269,0
DA:1271,0
DA:1272,0
DA:1274,0
DA:1277,0
DA:1278,0
DA:1279,0
DA:1282,0
DA:1283,0
DA:1284,0
DA:1285,0
DA:1293,20
DA:1294,0
DA:1296,0
DA:1300,20
DA:1301,0
DA:1302,0
DA:1304,0
DA:1306,0
DA:1307,0
DA:1308,0
DA:1309,0
DA:1311,0
DA:1314,0
DA:1315,0
DA:1317,0
DA:1321,20
DA:1322,0
DA:1323,0
DA:1326,0
DA:1327,0
DA:1328,0
DA:1331,0
DA:1343,0
DA:1344,0
DA:1345,0
DA:1346,0
DA:1347,0
DA:1348,0
DA:1349,0
DA:1350,0
DA:1353,20
DA:1354,0
DA:1357,20
DA:1358,0
DA:1359,0
DA:1361,0
DA:1362,0
DA:1363,0
DA:1364,0
DA:1365,0
DA:1367,0
DA:1368,0
DA:1370,0
DA:1374,20
DA:1375,0
DA:1376,0
DA:1378,0
DA:1380,0
DA:1381,0
DA:1383,0
DA:1384,0
DA:1385,0
DA:1386,0
DA:1387,0
DA:1389,0
DA:1390,0
DA:1392,0
DA:1396,20
DA:1397,0
DA:1398,0
DA:1400,0
DA:1403,0
DA:1404,0
DA:1405,0
DA:1407,0
DA:1408,0
DA:1412,20
DA:1413,0
DA:1414,0
DA:1416,0
DA:1417,0
DA:1419,0
DA:1420,0
DA:1421,0
DA:1422,0
DA:1424,0
DA:1425,0
DA:1429,20
DA:1430,0
DA:1432,0
DA:1434,0
DA:1435,0
DA:1436,0
DA:1439,0
DA:1441,0
DA:1442,0
DA:1445,20
DA:1446,0
DA:1447,0
DA:1448,0
DA:1449,0
DA:1450,0
DA:1451,0
DA:1454,20
DA:1455,19
DA:1456,18
DA:1457,18
DA:1458,18
DA:1460,18
DA:1461,0
DA:1462,0
DA:1463,0
DA:1464,0
DA:1466,19
DA:1467,0
DA:1469,19
DA:1472,20
DA:1473,0
DA:1476,20
DA:1477,171
DA:1478,1
DA:1498,20
DA:1500,20
DA:1501,19
DA:1503,0
DA:1514,9
DA:1519,0
DA:1530,0
DA:1532,0
DA:1543,0
DA:1566,20
DA:1578,0
DA:1587,0
DA:1602,10
DA:1615,0
DA:1638,0
DA:1666,0
DA:1726,0
DA:1730,0
DA:1742,60
DA:1744,0
DA:1778,0
DA:1786,20
DA:1787,20
DA:1789,20
DA:1796,0
DA:1797,0
DA:1799,0
DA:1808,0
DA:1824,0
DA:1831,0
DA:1859,0
DA:1879,0
DA:1881,0
DA:1895,0
DA:1902,0
DA:1920,0
DA:1929,0
DA:1939,0
DA:1940,0
DA:1941,0
DA:1952,0
DA:1953,0
DA:1955,0
DA:1957,0
DA:2144,0
DA:2145,0
DA:2168,0
DA:2169,0
DA:2170,0
DA:2179,0
DA:2180,0
DA:2190,0
DA:2191,0
DA:2192,0
DA:2193,0
DA:2212,0
DA:2254,0
DA:2288,0
DA:2296,0
DA:2318,0
DA:2327,0
DA:2329,0
DA:2362,0
DA:2381,0
DA:2390,0
DA:2394,0
DA:2395,0
DA:2396,0
DA:2406,0
DA:2410,0
DA:2411,0
DA:2412,0
DA:2427,0
DA:2454,0
DA:2455,0
DA:2456,0
DA:2524,0
DA:2544,0
DA:2575,0
DA:2588,0
DA:2590,0
DA:2601,0
DA:2607,0
DA:2622,0
DA:2623,0
DA:2624,0
DA:2626,0
DA:2627,0
DA:2628,0
DA:2629,0
DA:2630,0
DA:2633,0
DA:2636,0
DA:2672,0
DA:2701,0
DA:2803,0
DA:2811,0
DA:2830,0
DA:2831,0
DA:2833,0
DA:2838,0
DA:2840,0
DA:2862,0
DA:2864,0
DA:2879,0
DA:2890,0
DA:2891,0
DA:2892,0
DA:2893,0
DA:2894,0
DA:2895,0
DA:2896,0
DA:2897,0
DA:2901,0
DA:2911,0
DA:2912,0
DA:2915,0
DA:2916,0
DA:2918,0
DA:2929,0
DA:2961,0
DA:2962,0
DA:2963,0
DA:2964,0
DA:2967,0
DA:2981,0
DA:2982,0
DA:2996,0
DA:3012,0
DA:3013,0
DA:3028,0
DA:3029,0
DA:3030,0
DA:3032,0
DA:3039,0
DA:3084,0
DA:3098,0
DA:3104,0
DA:3114,0
DA:3115,0
DA:3116,0
DA:3129,0
DA:3130,0
DA:3131,0
DA:3132,0
DA:3135,0
DA:3149,0
DA:3150,0
DA:3163,0
DA:3179,0
DA:3180,0
DA:3189,0
DA:3284,0
DA:3292,0
DA:3306,0
DA:3307,0
DA:3308,0
DA:3311,0
DA:3321,0
DA:3323,0
DA:3331,0
DA:3333,0
DA:3356,0
DA:3392,0
DA:3409,0
DA:3421,0
DA:3429,0
DA:3445,0
DA:3454,0
DA:3469,0
DA:3471,0
DA:3481,0
DA:3490,0
DA:3501,0
DA:3518,0
DA:3527,0
DA:3541,0
DA:3542,0
DA:3543,0
DA:3545,0
DA:3548,0
DA:3582,0
DA:3595,0
DA:3597,0
DA:3606,0
DA:3610,0
DA:3624,0
DA:3625,0
DA:3629,0
DA:3636,0
DA:3649,0
DA:3650,0
DA:3652,0
DA:3653,0
DA:3656,0
DA:3664,0
DA:3670,0
DA:3687,0
DA:3688,0
DA:3702,0
DA:3703,0
DA:3704,0
DA:3708,0
DA:3709,0
DA:3711,0
DA:3722,0
DA:3726,0
DA:3728,0
DA:3732,0
DA:3740,0
DA:3744,0
DA:3745,0
DA:3750,0
DA:3755,0
DA:3774,0
DA:3780,0
DA:3781,0
DA:3787,0
DA:3792,0
DA:3802,0
DA:3813,0
DA:3821,0
DA:3830,0
DA:3840,0
DA:3842,0
DA:3851,0
DA:3855,0
DA:3860,0
DA:3864,0
DA:3865,0
DA:3871,0
DA:3883,0
DA:3889,0
DA:3895,0
DA:3910,0
DA:3915,0
DA:3919,0
DA:3926,0
DA:3932,0
DA:3934,0
DA:3951,0
DA:3973,0
DA:3984,0
DA:3992,0
DA:3996,0
DA:3997,0
DA:4017,0
DA:4029,0
DA:4041,0
DA:4061,0
DA:4067,0
DA:4068,0
DA:4069,0
DA:4070,0
DA:4078,0
DA:4083,0
DA:4106,0
DA:4108,0
DA:4122,0
DA:4128,0
DA:4129,0
DA:4130,0
DA:4141,0
DA:4147,0
DA:4165,0
DA:4173,0
DA:4191,0
DA:4212,0
DA:4235,0
DA:4263,0
DA:4299,0
DA:4300,0
DA:4301,0
DA:4302,0
DA:4311,0
DA:4312,0
DA:4313,0
DA:4314,0
DA:4321,0
DA:4357,0
DA:4370,0
DA:4388,0
DA:4395,0
DA:4398,0
DA:4399,0
DA:4400,0
DA:4401,0
DA:4403,0
DA:4404,0
DA:4406,0
DA:4407,0
DA:4408,0
DA:4409,0
DA:4410,0
DA:4412,0
DA:4414,0
DA:4415,0
DA:4416,0
DA:4419,0
DA:4420,0
DA:4424,0
DA:4427,0
DA:4457,0
DA:4473,0
DA:4474,0
DA:4477,0
LF:1136
LH:332
BRDA:40,0,0,0
BRDA:40,0,1,0
BRDA:40,1,0,0
BRDA:40,1,1,0
BRDA:41,2,0,0
BRDA:41,2,1,0
BRDA:41,3,0,0
BRDA:41,3,1,0
BRDA:42,4,0,0
BRDA:42,4,1,0
BRDA:42,5,0,0
BRDA:42,5,1,0
BRDA:43,6,0,0
BRDA:43,6,1,0
BRDA:57,7,0,0
BRDA:57,7,1,0
BRDA:58,8,0,0
BRDA:58,8,1,0
BRDA:59,9,0,0
BRDA:59,9,1,0
BRDA:60,10,0,0
BRDA:60,10,1,0
BRDA:61,11,0,0
BRDA:61,11,1,0
BRDA:63,12,0,0
BRDA:63,12,1,0
BRDA:64,13,0,0
BRDA:64,13,1,0
BRDA:65,14,0,0
BRDA:65,14,1,0
BRDA:66,15,0,0
BRDA:66,15,1,0
BRDA:74,16,0,0
BRDA:74,16,1,0
BRDA:75,17,0,0
BRDA:75,17,1,0
BRDA:77,18,0,0
BRDA:77,18,1,0
BRDA:103,19,0,0
BRDA:103,19,1,0
BRDA:112,20,0,0
BRDA:112,20,1,10
BRDA:114,21,0,0
BRDA:114,21,1,0
BRDA:206,22,0,0
BRDA:206,22,1,10
BRDA:214,23,0,10
BRDA:214,23,1,10
BRDA:231,24,0,0
BRDA:231,24,1,10
BRDA:236,25,0,0
BRDA:236,25,1,0
BRDA:279,26,0,0
BRDA:279,26,1,0
BRDA:283,27,0,0
BRDA:283,27,1,0
BRDA:285,28,0,0
BRDA:285,28,1,0
BRDA:292,29,0,0
BRDA:292,29,1,0
BRDA:293,30,0,0
BRDA:293,30,1,0
BRDA:293,31,0,0
BRDA:293,31,1,0
BRDA:298,32,0,0
BRDA:298,32,1,0
BRDA:301,33,0,0
BRDA:301,33,1,0
BRDA:301,34,0,0
BRDA:301,34,1,0
BRDA:307,35,0,0
BRDA:307,35,1,0
BRDA:309,36,0,0
BRDA:309,36,1,0
BRDA:310,37,0,0
BRDA:310,37,1,0
BRDA:310,38,0,0
BRDA:310,38,1,0
BRDA:312,39,0,0
BRDA:312,39,1,0
BRDA:313,40,0,0
BRDA:313,40,1,0
BRDA:323,41,0,0
BRDA:323,41,1,0
BRDA:323,42,0,0
BRDA:323,42,1,0
BRDA:332,43,0,0
BRDA:332,43,1,0
BRDA:332,44,0,0
BRDA:332,44,1,0
BRDA:334,45,0,0
BRDA:334,45,1,0
BRDA:349,46,0,10
BRDA:349,46,1,10
BRDA:362,47,0,0
BRDA:362,47,1,0
BRDA:375,48,0,0
BRDA:375,48,1,0
BRDA:375,49,0,0
BRDA:375,49,1,0
BRDA:380,50,0,0
BRDA:380,50,1,0
BRDA:384,51,0,0
BRDA:384,51,1,0
BRDA:384,52,0,0
BRDA:384,52,1,0
BRDA:401,53,0,0
BRDA:401,53,1,0
BRDA:414,54,0,0
BRDA:414,54,1,0
BRDA:423,55,0,0
BRDA:423,55,1,0
BRDA:430,56,0,0
BRDA:430,56,1,0
BRDA:430,57,0,0
BRDA:430,57,1,0
BRDA:432,58,0,0
BRDA:432,58,1,0
BRDA:434,59,0,0
BRDA:434,59,1,0
BRDA:466,60,0,0
BRDA:466,60,1,18
BRDA:471,61,0,9
BRDA:471,61,1,9
BRDA:471,62,0,18
BRDA:471,62,1,9
BRDA:483,63,0,0
BRDA:483,63,1,18
BRDA:500,64,0,0
BRDA:500,64,1,27
BRDA:500,65,0,27
BRDA:500,65,1,18
BRDA:500,65,2,18
BRDA:501,66,0,0
BRDA:501,66,1,0
BRDA:507,67,0,0
BRDA:507,67,1,0
BRDA:516,68,0,0
BRDA:516,68,1,18
BRDA:516,69,0,18
BRDA:516,69,1,0
BRDA:521,70,0,0
BRDA:521,70,1,0
BRDA:533,71,0,0
BRDA:533,71,1,0
BRDA:549,72,0,0
BRDA:549,72,1,19
BRDA:549,73,0,19
BRDA:549,73,1,10
BRDA:560,74,0,0
BRDA:560,74,1,0
BRDA:561,75,0,0
BRDA:561,75,1,0
BRDA:568,76,0,0
BRDA:568,76,1,0
BRDA:576,77,0,0
BRDA:576,77,1,0
BRDA:587,78,0,10
BRDA:587,78,1,0
BRDA:589,79,0,0
BRDA:589,79,1,0
BRDA:592,80,0,0
BRDA:592,80,1,10
BRDA:599,81,0,0
BRDA:599,81,1,10
BRDA:599,82,0,10
BRDA:599,82,1,10
BRDA:609,83,0,0
BRDA:609,83,1,0
BRDA:624,84,0,10
BRDA:624,84,1,0
BRDA:624,85,0,10
BRDA:624,85,1,0
BRDA:627,86,0,0
BRDA:627,86,1,0
BRDA:628,87,0,0
BRDA:628,87,1,0
BRDA:630,88,0,0
BRDA:630,88,1,0
BRDA:642,89,0,10
BRDA:642,89,1,0
BRDA:647,90,0,10
BRDA:647,90,1,0
BRDA:647,91,0,10
BRDA:647,91,1,10
BRDA:649,92,0,0
BRDA:649,92,1,0
BRDA:657,93,0,10
BRDA:657,93,1,0
BRDA:665,94,0,0
BRDA:665,94,1,0
BRDA:668,95,0,0
BRDA:668,95,1,0
BRDA:669,96,0,0
BRDA:669,96,1,0
BRDA:670,97,0,0
BRDA:670,97,1,0
BRDA:675,98,0,0
BRDA:675,98,1,0
BRDA:675,99,0,0
BRDA:675,99,1,0
BRDA:682,100,0,0
BRDA:682,100,1,0
BRDA:688,101,0,0
BRDA:688,101,1,0
BRDA:696,102,0,0
BRDA:696,102,1,0
BRDA:701,103,0,0
BRDA:701,103,1,10
BRDA:701,104,0,10
BRDA:701,104,1,0
BRDA:707,105,0,0
BRDA:707,105,1,10
BRDA:709,106,0,0
BRDA:709,106,1,10
BRDA:724,107,0,0
BRDA:724,107,1,0
BRDA:727,108,0,0
BRDA:727,108,1,0
BRDA:727,108,2,0
BRDA:731,109,0,0
BRDA:731,109,1,0
BRDA:736,110,0,0
BRDA:736,110,1,0
BRDA:736,110,2,0
BRDA:740,111,0,0
BRDA:740,111,1,0
BRDA:745,112,0,10
BRDA:745,112,1,0
BRDA:746,113,0,0
BRDA:746,113,1,0
BRDA:747,114,0,0
BRDA:747,114,1,0
BRDA:749,115,0,0
BRDA:749,115,1,0
BRDA:750,116,0,0
BRDA:750,116,1,0
BRDA:754,117,0,10
BRDA:755,118,0,10
BRDA:755,118,1,0
BRDA:762,119,0,10
BRDA:762,119,1,0
BRDA:766,120,0,0
BRDA:766,120,1,0
BRDA:766,121,0,0
BRDA:766,121,1,0
BRDA:772,122,0,10
BRDA:772,122,1,0
BRDA:775,123,0,0
BRDA:775,123,1,10
BRDA:777,124,0,0
BRDA:777,124,1,0
BRDA:778,125,0,0
BRDA:778,125,1,0
BRDA:791,126,0,10
BRDA:791,126,1,0
BRDA:806,127,0,0
BRDA:806,127,1,0
BRDA:810,128,0,0
BRDA:834,129,0,0
BRDA:834,129,1,0
BRDA:836,130,0,0
BRDA:836,130,1,0
BRDA:839,131,0,0
BRDA:839,131,1,0
BRDA:850,132,0,0
BRDA:850,132,1,0
BRDA:852,133,0,0
BRDA:852,133,1,0
BRDA:865,134,0,10
BRDA:865,134,1,9
BRDA:870,135,0,0
BRDA:870,135,1,18
BRDA:871,136,0,0
BRDA:871,136,1,18
BRDA:874,137,0,18
BRDA:874,137,1,0
BRDA:878,138,0,0
BRDA:878,138,1,18
BRDA:887,139,0,18
BRDA:887,139,1,0
BRDA:899,140,0,9
BRDA:899,140,1,9
BRDA:904,141,0,9
BRDA:904,141,1,9
BRDA:908,142,0,9
BRDA:908,142,1,9
BRDA:909,143,0,9
BRDA:909,143,1,10
BRDA:916,144,0,18
BRDA:916,144,1,18
BRDA:922,145,0,10
BRDA:922,145,1,9
BRDA:925,146,0,18
BRDA:925,146,1,9
BRDA:927,147,0,9
BRDA:927,147,1,10
BRDA:955,148,0,0
BRDA:955,148,1,0
BRDA:970,149,0,0
BRDA:970,149,1,0
BRDA:980,150,0,0
BRDA:980,150,1,0
BRDA:987,151,0,0
BRDA:987,151,1,0
BRDA:991,152,0,0
BRDA:991,152,1,0
BRDA:1013,153,0,0
BRDA:1013,153,1,0
BRDA:1013,154,0,0
BRDA:1013,154,1,0
BRDA:1016,155,0,0
BRDA:1016,155,1,0
BRDA:1018,156,0,0
BRDA:1018,156,1,0
BRDA:1020,157,0,0
BRDA:1020,157,1,0
BRDA:1020,158,0,0
BRDA:1020,158,1,0
BRDA:1026,159,0,0
BRDA:1026,159,1,0
BRDA:1033,160,0,19
BRDA:1033,160,1,0
BRDA:1036,161,0,0
BRDA:1036,161,1,0
BRDA:1036,161,2,0
BRDA:1037,162,0,0
BRDA:1037,162,1,0
BRDA:1043,163,0,10
BRDA:1043,163,1,0
BRDA:1050,164,0,0
BRDA:1050,164,1,10
BRDA:1050,165,0,10
BRDA:1050,165,1,0
BRDA:1056,166,0,19
BRDA:1056,166,1,19
BRDA:1061,167,0,0
BRDA:1061,167,1,10
BRDA:1061,168,0,10
BRDA:1061,168,1,0
BRDA:1062,169,0,0
BRDA:1062,169,1,0
BRDA:1067,170,0,0
BRDA:1067,170,1,0
BRDA:1070,171,0,0
BRDA:1070,171,1,0
BRDA:1077,172,0,0
BRDA:1077,172,1,0
BRDA:1078,173,0,0
BRDA:1078,173,1,0
BRDA:1081,174,0,0
BRDA:1081,174,1,0
BRDA:1092,175,0,0
BRDA:1092,175,1,0
BRDA:1097,176,0,0
BRDA:1097,176,1,0
BRDA:1099,177,0,0
BRDA:1099,177,1,0
BRDA:1100,178,0,0
BRDA:1100,178,1,0
BRDA:1108,179,0,0
BRDA:1108,179,1,0
BRDA:1112,180,0,0
BRDA:1112,180,1,0
BRDA:1112,181,0,0
BRDA:1112,181,1,0
BRDA:1112,181,2,0
BRDA:1115,182,0,0
BRDA:1115,182,1,0
BRDA:1115,183,0,0
BRDA:1115,183,1,0
BRDA:1115,183,2,0
BRDA:1115,183,3,0
BRDA:1120,184,0,0
BRDA:1120,184,1,0
BRDA:1128,185,0,0
BRDA:1128,185,1,0
BRDA:1130,186,0,0
BRDA:1130,186,1,0
BRDA:1136,187,0,0
BRDA:1136,187,1,0
BRDA:1152,188,0,0
BRDA:1152,188,1,0
BRDA:1156,189,0,0
BRDA:1156,189,1,0
BRDA:1157,190,0,0
BRDA:1157,190,1,0
BRDA:1166,191,0,1
BRDA:1166,191,1,0
BRDA:1171,192,0,0
BRDA:1171,192,1,1
BRDA:1175,193,0,0
BRDA:1175,193,1,1
BRDA:1179,194,0,1
BRDA:1179,194,1,0
BRDA:1189,195,0,0
BRDA:1189,195,1,1
BRDA:1189,196,0,1
BRDA:1189,196,1,0
BRDA:1214,197,0,0
BRDA:1214,197,1,0
BRDA:1216,198,0,0
BRDA:1216,198,1,0
BRDA:1231,199,0,0
BRDA:1231,199,1,0
BRDA:1232,200,0,0
BRDA:1232,200,1,0
BRDA:1237,201,0,0
BRDA:1237,201,1,0
BRDA:1259,202,0,0
BRDA:1259,202,1,0
BRDA:1261,203,0,0
BRDA:1261,203,1,0
BRDA:1264,204,0,0
BRDA:1264,204,1,0
BRDA:1266,205,0,0
BRDA:1266,205,1,0
BRDA:1269,206,0,0
BRDA:1269,206,1,0
BRDA:1271,207,0,0
BRDA:1271,207,1,0
BRDA:1283,208,0,0
BRDA:1283,208,1,0
BRDA:1283,209,0,0
BRDA:1283,209,1,0
BRDA:1287,210,0,0
BRDA:1287,210,1,0
BRDA:1296,211,0,0
BRDA:1296,211,1,0
BRDA:1296,212,0,0
BRDA:1296,212,1,0
BRDA:1302,213,0,0
BRDA:1302,213,1,0
BRDA:1304,214,0,0
BRDA:1304,214,1,0
BRDA:1308,215,0,0
BRDA:1308,215,1,0
BRDA:1317,216,0,0
BRDA:1317,216,1,0
BRDA:1322,217,0,0
BRDA:1322,217,1,0
BRDA:1323,218,0,0
BRDA:1323,218,1,0
BRDA:1323,219,0,0
BRDA:1323,219,1,0
BRDA:1326,220,0,0
BRDA:1326,220,1,0
BRDA:1326,221,0,0
BRDA:1326,221,1,0
BRDA:1326,221,2,0
BRDA:1334,222,0,0
BRDA:1334,222,1,0
BRDA:1338,223,0,0
BRDA:1338,223,1,0
BRDA:1338,224,0,0
BRDA:1338,224,1,0
BRDA:1338,224,2,0
BRDA:1340,225,0,0
BRDA:1340,225,1,0
BRDA:1343,226,0,0
BRDA:1343,226,1,0
BRDA:1354,227,0,0
BRDA:1354,227,1,0
BRDA:1359,228,0,0
BRDA:1359,228,1,0
BRDA:1378,229,0,0
BRDA:1378,229,1,0
BRDA:1381,230,0,0
BRDA:1381,230,1,0
BRDA:1398,231,0,0
BRDA:1398,231,1,0
BRDA:1417,232,0,0
BRDA:1417,232,1,0
BRDA:1448,233,0,0
BRDA:1448,233,1,0
BRDA:1449,234,0,0
BRDA:1449,234,1,0
BRDA:1450,235,0,0
BRDA:1450,235,1,0
BRDA:1457,236,0,0
BRDA:1457,236,1,18
BRDA:1457,237,0,18
BRDA:1457,237,1,0
BRDA:1460,238,0,18
BRDA:1460,238,1,0
BRDA:1461,239,0,0
BRDA:1461,239,1,0
BRDA:1462,240,0,0
BRDA:1462,240,1,0
BRDA:1463,241,0,0
BRDA:1463,241,1,0
BRDA:1463,242,0,0
BRDA:1463,242,1,0
BRDA:1466,243,0,0
BRDA:1466,243,1,19
BRDA:1472,244,0,0
BRDA:1472,244,1,20
BRDA:1473,245,0,0
BRDA:1473,245,1,0
BRDA:1480,246,0,19
BRDA:1480,246,1,152
BRDA:1486,247,0,19
BRDA:1486,247,1,152
BRDA:1489,248,0,18
BRDA:1489,248,1,153
BRDA:1498,249,0,0
BRDA:1498,249,1,20
BRDA:1500,250,0,19
BRDA:1500,251,0,0
BRDA:1502,252,0,19
BRDA:1502,252,1,0
BRDA:1514,253,0,19
BRDA:1514,253,1,9
BRDA:1517,254,0,19
BRDA:1517,254,1,0
BRDA:1526,255,0,0
BRDA:1526,255,1,0
BRDA:1568,256,0,20
BRDA:1568,256,1,20
BRDA:1575,257,0,20
BRDA:1575,257,1,0
BRDA:1583,258,0,0
BRDA:1583,258,1,20
BRDA:1591,259,0,20
BRDA:1591,259,1,0
BRDA:1600,260,0,10
BRDA:1600,260,1,10
BRDA:1602,261,0,20
BRDA:1602,261,1,10
BRDA:1612,262,0,20
BRDA:1612,262,1,20
BRDA:1634,263,0,20
BRDA:1634,263,1,20
BRDA:1644,264,0,20
BRDA:1644,264,1,0
BRDA:1658,265,0,0
BRDA:1658,265,1,20
BRDA:1661,266,0,20
BRDA:1661,266,1,20
BRDA:1724,267,0,20
BRDA:1724,267,1,0
BRDA:1745,268,0,20
BRDA:1745,268,1,40
BRDA:1753,269,0,20
BRDA:1753,269,1,0
BRDA:1770,270,0,20
BRDA:1770,270,1,20
BRDA:1794,271,0,20
BRDA:1794,271,1,0
BRDA:1800,272,0,0
BRDA:1800,272,1,0
BRDA:1817,273,0,20
BRDA:1817,273,1,0
BRDA:1831,274,0,0
BRDA:1831,274,1,0
BRDA:1831,275,0,0
BRDA:1831,275,1,0
BRDA:1836,276,0,0
BRDA:1836,276,1,0
BRDA:1849,277,0,20
BRDA:1849,277,1,20
BRDA:1849,277,2,0
BRDA:1862,278,0,0
BRDA:1862,278,1,0
BRDA:1865,279,0,0
BRDA:1865,279,1,0
BRDA:1874,280,0,0
BRDA:1874,280,1,0
BRDA:1883,281,0,0
BRDA:1883,281,1,0
BRDA:1888,282,0,0
BRDA:1888,282,1,0
BRDA:1888,283,0,0
BRDA:1888,283,1,0
BRDA:1911,284,0,0
BRDA:1911,284,1,0
BRDA:1940,285,0,0
BRDA:1940,285,1,0
BRDA:1953,286,0,0
BRDA:1953,286,1,0
BRDA:1955,287,0,0
BRDA:1955,287,1,0
BRDA:1980,288,0,0
BRDA:1980,288,1,0
BRDA:2014,289,0,0
BRDA:2014,289,1,0
BRDA:2037,290,0,0
BRDA:2037,290,1,0
BRDA:2060,291,0,0
BRDA:2060,291,1,0
BRDA:2063,292,0,0
BRDA:2063,292,1,0
BRDA:2074,293,0,0
BRDA:2074,293,1,0
BRDA:2082,294,0,0
BRDA:2082,294,1,0
BRDA:2102,295,0,0
BRDA:2102,295,1,0
BRDA:2107,296,0,0
BRDA:2107,296,1,0
BRDA:2108,297,0,0
BRDA:2108,297,1,0
BRDA:2123,298,0,0
BRDA:2123,298,1,0
BRDA:2124,299,0,0
BRDA:2124,299,1,0
BRDA:2129,300,0,0
BRDA:2129,300,1,0
BRDA:2130,301,0,0
BRDA:2130,301,1,0
BRDA:2137,302,0,0
BRDA:2137,302,1,0
BRDA:2144,303,0,0
BRDA:2144,303,1,0
BRDA:2174,304,0,0
BRDA:2174,304,1,0
BRDA:2174,305,0,0
BRDA:2174,305,1,0
BRDA:2217,306,0,0
BRDA:2217,306,1,0
BRDA:2218,307,0,0
BRDA:2218,307,1,0
BRDA:2219,308,0,0
BRDA:2219,308,1,0
BRDA:2222,309,0,0
BRDA:2222,309,1,0
BRDA:2222,310,0,0
BRDA:2222,310,1,0
BRDA:2222,311,0,0
BRDA:2222,311,1,0
BRDA:2223,312,0,0
BRDA:2223,312,1,0
BRDA:2223,313,0,0
BRDA:2223,313,1,0
BRDA:2223,314,0,0
BRDA:2223,314,1,0
BRDA:2223,315,0,0
BRDA:2223,315,1,0
BRDA:2227,316,0,0
BRDA:2227,316,1,0
BRDA:2228,317,0,0
BRDA:2228,317,1,0
BRDA:2229,318,0,0
BRDA:2229,318,1,0
BRDA:2229,319,0,0
BRDA:2229,319,1,0
BRDA:2229,320,0,0
BRDA:2229,320,1,0
BRDA:2238,321,0,0
BRDA:2238,321,1,0
BRDA:2239,322,0,0
BRDA:2239,322,1,0
BRDA:2244,323,0,0
BRDA:2244,323,1,0
BRDA:2257,324,0,0
BRDA:2257,324,1,0
BRDA:2258,325,0,0
BRDA:2258,325,1,0
BRDA:2259,326,0,0
BRDA:2259,326,1,0
BRDA:2262,327,0,0
BRDA:2262,327,1,0
BRDA:2262,328,0,0
BRDA:2262,328,1,0
BRDA:2262,329,0,0
BRDA:2262,329,1,0
BRDA:2269,330,0,0
BRDA:2269,330,1,0
BRDA:2269,331,0,0
BRDA:2269,331,1,0
BRDA:2269,332,0,0
BRDA:2269,332,1,0
BRDA:2269,333,0,0
BRDA:2269,333,1,0
BRDA:2274,334,0,0
BRDA:2274,334,1,0
BRDA:2274,335,0,0
BRDA:2274,335,1,0
BRDA:2279,336,0,0
BRDA:2279,336,1,0
BRDA:2285,337,0,0
BRDA:2285,337,1,0
BRDA:2313,338,0,20
BRDA:2313,338,1,0
BRDA:2330,339,0,0
BRDA:2330,339,1,0
BRDA:2332,340,0,0
BRDA:2332,340,1,0
BRDA:2332,341,0,0
BRDA:2332,341,1,0
BRDA:2332,342,0,0
BRDA:2332,342,1,0
BRDA:2342,343,0,0
BRDA:2342,343,1,0
BRDA:2342,343,2,0
BRDA:2347,344,0,0
BRDA:2347,344,1,0
BRDA:2350,345,0,0
BRDA:2350,345,1,0
BRDA:2371,346,0,0
BRDA:2371,346,1,0
BRDA:2381,347,0,0
BRDA:2381,347,1,0
BRDA:2390,348,0,0
BRDA:2390,348,1,0
BRDA:2394,349,0,0
BRDA:2394,349,1,0
BRDA:2395,350,0,0
BRDA:2395,350,1,0
BRDA:2396,351,0,0
BRDA:2396,351,1,0
BRDA:2406,352,0,0
BRDA:2406,352,1,0
BRDA:2410,353,0,0
BRDA:2410,353,1,0
BRDA:2411,354,0,0
BRDA:2411,354,1,0
BRDA:2412,355,0,0
BRDA:2412,355,1,0
BRDA:2454,356,0,0
BRDA:2454,356,1,0
BRDA:2527,357,0,0
BRDA:2527,357,1,0
BRDA:2534,358,0,0
BRDA:2534,358,1,0
BRDA:2545,359,0,0
BRDA:2545,359,1,0
BRDA:2546,360,0,0
BRDA:2546,360,1,0
BRDA:2557,361,0,0
BRDA:2557,361,1,0
BRDA:2570,362,0,20
BRDA:2570,362,1,0
BRDA:2584,363,0,0
BRDA:2584,363,1,0
BRDA:2591,364,0,0
BRDA:2591,364,1,0
BRDA:2593,365,0,0
BRDA:2593,365,1,0
BRDA:2593,366,0,0
BRDA:2593,366,1,0
BRDA:2593,367,0,0
BRDA:2593,367,1,0
BRDA:2602,368,0,0
BRDA:2602,368,1,0
BRDA:2608,369,0,0
BRDA:2608,369,1,0
BRDA:2616,370,0,0
BRDA:2616,370,1,0
BRDA:2618,371,0,0
BRDA:2618,371,1,0
BRDA:2627,372,0,0
BRDA:2627,372,1,0
BRDA:2628,373,0,0
BRDA:2628,373,1,0
BRDA:2630,374,0,0
BRDA:2630,374,1,0
BRDA:2637,375,0,0
BRDA:2637,375,1,0
BRDA:2640,376,0,0
BRDA:2640,376,1,0
BRDA:2642,377,0,0
BRDA:2642,377,1,0
BRDA:2648,378,0,0
BRDA:2648,378,1,0
BRDA:2650,379,0,0
BRDA:2650,379,1,0
BRDA:2653,380,0,0
BRDA:2653,380,1,0
BRDA:2665,381,0,0
BRDA:2665,381,1,0
BRDA:2666,382,0,0
BRDA:2666,382,1,0
BRDA:2669,383,0,0
BRDA:2669,383,1,0
BRDA:2681,384,0,0
BRDA:2681,384,1,0
BRDA:2681,385,0,0
BRDA:2681,385,1,0
BRDA:2682,386,0,0
BRDA:2682,386,1,0
BRDA:2698,387,0,0
BRDA:2698,387,1,0
BRDA:2710,388,0,0
BRDA:2710,388,1,0
BRDA:2710,389,0,0
BRDA:2710,389,1,0
BRDA:2711,390,0,0
BRDA:2711,390,1,0
BRDA:2720,391,0,0
BRDA:2720,391,1,0
BRDA:2751,392,0,0
BRDA:2751,392,1,0
BRDA:2777,393,0,0
BRDA:2777,393,1,0
BRDA:2809,394,0,0
BRDA:2809,394,1,0
BRDA:2829,395,0,0
BRDA:2829,395,1,0
BRDA:2833,396,0,0
BRDA:2833,396,1,0
BRDA:2833,397,0,0
BRDA:2833,397,1,0
BRDA:2838,398,0,0
BRDA:2838,398,1,0
BRDA:2838,399,0,0
BRDA:2838,399,1,0
BRDA:2841,400,0,0
BRDA:2841,400,1,0
BRDA:2841,400,2,0
BRDA:2841,400,3,0
BRDA:2841,400,4,0
BRDA:2852,401,0,0
BRDA:2852,401,1,0
BRDA:2855,402,0,0
BRDA:2855,402,1,0
BRDA:2855,402,2,0
BRDA:2862,403,0,0
BRDA:2862,403,1,0
BRDA:2862,404,0,0
BRDA:2862,404,1,0
BRDA:2876,405,0,0
BRDA:2876,405,1,0
BRDA:2887,406,0,0
BRDA:2887,406,1,0
BRDA:2890,407,0,0
BRDA:2890,407,1,0
BRDA:2891,408,0,0
BRDA:2891,408,1,0
BRDA:2896,409,0,0
BRDA:2896,409,1,0
BRDA:2896,410,0,0
BRDA:2896,410,1,0
BRDA:2912,411,0,0
BRDA:2912,411,1,0
BRDA:2921,412,0,0
BRDA:2921,412,1,0
BRDA:2926,413,0,0
BRDA:2926,413,1,0
BRDA:2926,413,2,0
BRDA:2929,414,0,0
BRDA:2929,414,1,0
BRDA:2929,415,0,0
BRDA:2929,415,1,0
BRDA:2930,416,0,0
BRDA:2930,416,1,0
BRDA:2960,417,0,0
BRDA:2960,417,1,0
BRDA:2971,418,0,0
BRDA:2971,418,1,0
BRDA:2971,419,0,0
BRDA:2971,419,1,0
BRDA:2978,420,0,0
BRDA:2978,420,1,0
BRDA:2979,421,0,0
BRDA:2979,421,1,0
BRDA:2982,422,0,0
BRDA:2982,422,1,0
BRDA:2996,423,0,0
BRDA:2996,423,1,0
BRDA:2999,424,0,0
BRDA:2999,424,1,0
BRDA:3010,425,0,0
BRDA:3010,425,1,0
BRDA:3017,426,0,0
BRDA:3017,426,1,0
BRDA:3018,427,0,0
BRDA:3018,427,1,0
BRDA:3036,428,0,0
BRDA:3036,428,1,0
BRDA:3039,429,0,0
BRDA:3039,429,1,0
BRDA:3039,430,0,0
BRDA:3039,430,1,0
BRDA:3039,431,0,0
BRDA:3039,431,1,0
BRDA:3039,432,0,0
BRDA:3039,432,1,0
BRDA:3040,433,0,0
BRDA:3040,433,1,0
BRDA:3041,434,0,0
BRDA:3041,434,1,0
BRDA:3047,435,0,0
BRDA:3047,435,1,0
BRDA:3061,436,0,0
BRDA:3061,436,1,0
BRDA:3061,437,0,0
BRDA:3061,437,1,0
BRDA:3063,438,0,0
BRDA:3063,438,1,0
BRDA:3078,439,0,0
BRDA:3078,439,1,0
BRDA:3080,440,0,0
BRDA:3080,440,1,0
BRDA:3090,441,0,0
BRDA:3090,441,1,0
BRDA:3092,442,0,0
BRDA:3092,442,1,0
BRDA:3107,443,0,0
BRDA:3107,443,1,0
BRDA:3109,444,0,0
BRDA:3109,444,1,0
BRDA:3123,445,0,0
BRDA:3123,445,1,0
BRDA:3128,446,0,0
BRDA:3128,446,1,0
BRDA:3128,446,2,0
BRDA:3139,447,0,0
BRDA:3139,447,1,0
BRDA:3139,448,0,0
BRDA:3139,448,1,0
BRDA:3146,449,0,0
BRDA:3146,449,1,0
BRDA:3147,450,0,0
BRDA:3147,450,1,0
BRDA:3150,451,0,0
BRDA:3150,451,1,0
BRDA:3163,452,0,0
BRDA:3163,452,1,0
BRDA:3166,453,0,0
BRDA:3166,453,1,0
BRDA:3177,454,0,0
BRDA:3177,454,1,0
BRDA:3184,455,0,0
BRDA:3184,455,1,0
BRDA:3185,456,0,0
BRDA:3185,456,1,0
BRDA:3187,457,0,0
BRDA:3187,457,1,0
BRDA:3187,457,2,0
BRDA:3187,457,3,0
BRDA:3189,458,0,0
BRDA:3189,458,1,0
BRDA:3204,459,0,0
BRDA:3204,459,1,0
BRDA:3204,459,2,0
BRDA:3208,460,0,0
BRDA:3208,460,1,0
BRDA:3224,461,0,0
BRDA:3224,461,1,0
BRDA:3239,462,0,0
BRDA:3239,462,1,0
BRDA:3254,463,0,0
BRDA:3254,463,1,0
BRDA:3277,464,0,0
BRDA:3277,464,1,0
BRDA:3281,465,0,0
BRDA:3281,465,1,0
BRDA:3285,466,0,0
BRDA:3285,466,1,0
BRDA:3297,467,0,0
BRDA:3297,467,1,0
BRDA:3306,468,0,0
BRDA:3306,468,1,0
BRDA:3306,469,0,0
BRDA:3306,469,1,0
BRDA:3321,470,0,0
BRDA:3321,470,1,0
BRDA:3321,471,0,0
BRDA:3321,471,1,0
BRDA:3324,472,0,0
BRDA:3324,472,1,0
BRDA:3326,473,0,0
BRDA:3326,473,1,0
BRDA:3328,474,0,0
BRDA:3328,474,1,0
BRDA:3331,475,0,0
BRDA:3331,475,1,0
BRDA:3331,476,0,0
BRDA:3331,476,1,0
BRDA:3334,477,0,0
BRDA:3334,477,1,0
BRDA:3334,477,2,0
BRDA:3334,477,3,0
BRDA:3352,478,0,20
BRDA:3352,478,1,0
BRDA:3363,479,0,0
BRDA:3363,479,1,0
BRDA:3386,480,0,0
BRDA:3386,480,1,0
BRDA:3402,481,0,0
BRDA:3402,481,1,0
BRDA:3402,482,0,0
BRDA:3402,482,1,0
BRDA:3405,483,0,0
BRDA:3405,483,1,0
BRDA:3416,484,0,0
BRDA:3416,484,1,0
BRDA:3419,485,0,0
BRDA:3419,485,1,0
BRDA:3425,486,0,0
BRDA:3425,486,1,0
BRDA:3462,487,0,0
BRDA:3462,487,1,0
BRDA:3462,488,0,0
BRDA:3462,488,1,0
BRDA:3462,488,2,0
BRDA:3472,489,0,0
BRDA:3472,489,1,0
BRDA:3478,490,0,0
BRDA:3478,490,1,0
BRDA:3486,491,0,0
BRDA:3486,491,1,0
BRDA:3489,492,0,0
BRDA:3489,492,1,0
BRDA:3497,493,0,0
BRDA:3497,493,1,0
BRDA:3500,494,0,0
BRDA:3500,494,1,0
BRDA:3541,495,0,0
BRDA:3541,495,1,0
BRDA:3543,496,0,0
BRDA:3543,496,1,0
BRDA:3550,497,0,0
BRDA:3550,497,1,0
BRDA:3555,498,0,0
BRDA:3555,498,1,0
BRDA:3558,499,0,0
BRDA:3558,499,1,0
BRDA:3558,499,2,0
BRDA:3562,500,0,0
BRDA:3562,500,1,0
BRDA:3573,501,0,0
BRDA:3573,501,1,0
BRDA:3583,502,0,0
BRDA:3583,502,1,0
BRDA:3585,503,0,0
BRDA:3585,503,1,0
BRDA:3597,504,0,0
BRDA:3597,504,1,0
BRDA:3599,505,0,0
BRDA:3599,505,1,0
BRDA:3603,506,0,0
BRDA:3603,506,1,0
BRDA:3603,506,2,0
BRDA:3606,507,0,0
BRDA:3606,507,1,0
BRDA:3606,508,0,0
BRDA:3606,508,1,0
BRDA:3606,508,2,0
BRDA:3609,509,0,0
BRDA:3609,509,1,0
BRDA:3616,510,0,0
BRDA:3616,510,1,0
BRDA:3616,511,0,0
BRDA:3616,511,1,0
BRDA:3620,512,0,0
BRDA:3620,512,1,0
BRDA:3620,513,0,0
BRDA:3620,513,1,0
BRDA:3621,514,0,0
BRDA:3621,514,1,0
BRDA:3622,515,0,0
BRDA:3622,515,1,0
BRDA:3624,516,0,0
BRDA:3624,516,1,0
BRDA:3643,517,0,0
BRDA:3643,517,1,0
BRDA:3652,518,0,0
BRDA:3652,518,1,0
BRDA:3653,519,0,0
BRDA:3653,519,1,0
BRDA:3688,520,0,0
BRDA:3688,520,1,0
BRDA:3701,521,0,0
BRDA:3701,521,1,0
BRDA:3712,522,0,0
BRDA:3712,522,1,0
BRDA:3712,523,0,0
BRDA:3712,523,1,0
BRDA:3712,524,0,0
BRDA:3712,524,1,0
BRDA:3721,525,0,0
BRDA:3721,525,1,0
BRDA:3722,526,0,0
BRDA:3722,526,1,0
BRDA:3725,527,0,0
BRDA:3725,527,1,0
BRDA:3726,528,0,0
BRDA:3726,528,1,0
BRDA:3728,529,0,0
BRDA:3728,529,1,0
BRDA:3728,530,0,0
BRDA:3728,530,1,0
BRDA:3728,531,0,0
BRDA:3728,531,1,0
BRDA:3729,532,0,0
BRDA:3729,532,1,0
BRDA:3729,533,0,0
BRDA:3729,533,1,0
BRDA:3732,534,0,0
BRDA:3732,534,1,0
BRDA:3736,535,0,0
BRDA:3736,535,1,0
BRDA:3745,536,0,0
BRDA:3745,536,1,0
BRDA:3750,537,0,0
BRDA:3750,537,1,0
BRDA:3750,538,0,0
BRDA:3750,538,1,0
BRDA:3750,539,0,0
BRDA:3750,539,1,0
BRDA:3750,539,2,0
BRDA:3761,540,0,0
BRDA:3761,540,1,0
BRDA:3761,541,0,0
BRDA:3761,541,1,0
BRDA:3762,542,0,0
BRDA:3762,542,1,0
BRDA:3762,543,0,0
BRDA:3762,543,1,0
BRDA:3764,544,0,0
BRDA:3764,544,1,0
BRDA:3767,545,0,0
BRDA:3767,545,1,0
BRDA:3767,545,2,0
BRDA:3767,545,3,0
BRDA:3777,546,0,0
BRDA:3777,546,1,0
BRDA:3786,547,0,0
BRDA:3786,547,1,0
BRDA:3786,548,0,0
BRDA:3786,548,1,0
BRDA:3786,549,0,0
BRDA:3786,549,1,0
BRDA:3809,550,0,0
BRDA:3809,550,1,0
BRDA:3829,551,0,0
BRDA:3829,551,1,0
BRDA:3834,552,0,0
BRDA:3834,552,1,0
BRDA:3842,553,0,0
BRDA:3842,553,1,0
BRDA:3844,554,0,0
BRDA:3844,554,1,0
BRDA:3848,555,0,0
BRDA:3848,555,1,0
BRDA:3848,555,2,0
BRDA:3851,556,0,0
BRDA:3851,556,1,0
BRDA:3851,557,0,0
BRDA:3851,557,1,0
BRDA:3851,557,2,0
BRDA:3854,558,0,0
BRDA:3854,558,1,0
BRDA:3855,559,0,0
BRDA:3855,559,1,0
BRDA:3857,560,0,0
BRDA:3857,560,1,0
BRDA:3859,561,0,0
BRDA:3859,561,1,0
BRDA:3860,562,0,0
BRDA:3860,562,1,0
BRDA:3864,563,0,0
BRDA:3864,563,1,0
BRDA:3884,564,0,0
BRDA:3884,564,1,0
BRDA:3890,565,0,0
BRDA:3890,565,1,0
BRDA:3896,566,0,0
BRDA:3896,566,1,0
BRDA:3907,567,0,0
BRDA:3907,567,1,0
BRDA:3911,568,0,0
BRDA:3911,568,1,0
BRDA:3914,569,0,0
BRDA:3914,569,1,0
BRDA:3923,570,0,0
BRDA:3923,570,1,0
BRDA:3929,571,0,0
BRDA:3929,571,1,0
BRDA:3931,572,0,0
BRDA:3931,572,1,0
BRDA:3934,573,0,0
BRDA:3934,573,1,0
BRDA:3934,573,2,0
BRDA:3938,574,0,0
BRDA:3938,574,1,0
BRDA:3943,575,0,0
BRDA:3943,575,1,0
BRDA:3949,576,0,0
BRDA:3949,576,1,0
BRDA:3967,577,0,0
BRDA:3967,577,1,0
BRDA:3974,578,0,0
BRDA:3974,578,1,0
BRDA:3974,578,2,0
BRDA:3981,579,0,0
BRDA:3981,579,1,0
BRDA:3988,580,0,0
BRDA:3988,580,1,0
BRDA:3989,581,0,0
BRDA:3989,581,1,0
BRDA:3996,582,0,0
BRDA:3996,582,1,0
BRDA:4002,583,0,0
BRDA:4002,583,1,0
BRDA:4002,584,0,0
BRDA:4002,584,1,0
BRDA:4017,585,0,0
BRDA:4017,585,1,0
BRDA:4018,586,0,0
BRDA:4018,586,1,0
BRDA:4018,587,0,0
BRDA:4018,587,1,0
BRDA:4020,588,0,0
BRDA:4020,588,1,0
BRDA:4020,589,0,0
BRDA:4020,589,1,0
BRDA:4029,590,0,0
BRDA:4029,590,1,0
BRDA:4030,591,0,0
BRDA:4030,591,1,0
BRDA:4030,592,0,0
BRDA:4030,592,1,0
BRDA:4032,593,0,0
BRDA:4032,593,1,0
BRDA:4032,594,0,0
BRDA:4032,594,1,0
BRDA:4041,595,0,0
BRDA:4041,595,1,0
BRDA:4042,596,0,0
BRDA:4042,596,1,0
BRDA:4042,597,0,0
BRDA:4042,597,1,0
BRDA:4044,598,0,0
BRDA:4044,598,1,0
BRDA:4044,599,0,0
BRDA:4044,599,1,0
BRDA:4057,600,0,20
BRDA:4057,600,1,0
BRDA:4089,601,0,0
BRDA:4089,601,1,0
BRDA:4098,602,0,0
BRDA:4098,602,1,0
BRDA:4102,603,0,0
BRDA:4102,603,1,0
BRDA:4104,604,0,0
BRDA:4104,604,1,0
BRDA:4118,605,0,20
BRDA:4118,605,1,0
BRDA:4137,606,0,0
BRDA:4137,606,1,0
BRDA:4147,607,0,0
BRDA:4147,607,1,0
BRDA:4147,608,0,0
BRDA:4147,608,1,0
BRDA:4154,609,0,0
BRDA:4154,609,1,0
BRDA:4174,610,0,0
BRDA:4174,610,1,0
BRDA:4187,611,0,20
BRDA:4187,611,1,0
BRDA:4232,612,0,20
BRDA:4232,612,1,0
BRDA:4288,613,0,20
BRDA:4288,613,1,0
BRDA:4307,614,0,0
BRDA:4307,614,1,0
BRDA:4331,615,0,20
BRDA:4331,615,1,0
BRDA:4331,615,2,0
BRDA:4355,616,0,0
BRDA:4355,616,1,0
BRDA:4370,617,0,0
BRDA:4370,617,1,0
BRDA:4370,618,0,0
BRDA:4370,618,1,0
BRDA:4377,619,0,0
BRDA:4377,619,1,0
BRDA:4387,620,0,20
BRDA:4387,620,1,0
BRDA:4387,620,2,0
BRDA:4387,620,3,0
BRDA:4387,620,4,0
BRDA:4406,621,0,0
BRDA:4406,621,1,0
BRDA:4412,622,0,0
BRDA:4412,622,1,0
BRDA:4432,623,0,0
BRDA:4432,623,1,0
BRDA:4432,623,2,0
BRDA:4435,624,0,0
BRDA:4435,624,1,0
BRDA:4435,624,2,0
BRDA:4457,625,0,0
BRDA:4457,625,1,0
BRDA:4457,626,0,0
BRDA:4457,626,1,0
BRDA:4461,627,0,0
BRDA:4461,627,1,0
BRDA:4472,628,0,20
BRDA:4472,628,1,0
BRF:1293
BRH:137
end_of_record
TN:
SF:components/CreatorPublicProfile.tsx
FN:20,(anonymous_0)
FN:27,(anonymous_1)
FN:33,(anonymous_2)
FN:40,(anonymous_3)
FN:67,(anonymous_4)
FN:79,(anonymous_5)
FN:83,(anonymous_6)
FN:93,(anonymous_7)
FN:94,(anonymous_8)
FN:126,(anonymous_9)
FN:133,(anonymous_10)
FN:139,(anonymous_11)
FN:145,(anonymous_12)
FN:152,(anonymous_13)
FN:156,(anonymous_14)
FN:165,(anonymous_15)
FN:173,(anonymous_16)
FN:181,(anonymous_17)
FN:186,(anonymous_18)
FN:209,(anonymous_19)
FN:216,(anonymous_20)
FN:232,(anonymous_21)
FN:251,(anonymous_22)
FN:271,(anonymous_23)
FN:288,(anonymous_24)
FN:297,(anonymous_25)
FN:311,(anonymous_26)
FN:312,(anonymous_27)
FN:315,(anonymous_28)
FN:316,(anonymous_29)
FN:318,(anonymous_30)
FN:322,(anonymous_31)
FN:331,(anonymous_32)
FN:339,(anonymous_33)
FN:340,(anonymous_34)
FN:342,(anonymous_35)
FN:346,(anonymous_36)
FN:350,(anonymous_37)
FN:360,(anonymous_38)
FN:362,(anonymous_39)
FN:391,(anonymous_40)
FN:395,(anonymous_41)
FN:399,(anonymous_42)
FN:408,(anonymous_43)
FN:410,(anonymous_44)
FN:411,(anonymous_45)
FN:423,(anonymous_46)
FN:437,(anonymous_47)
FN:448,(anonymous_48)
FN:465,(anonymous_49)
FN:468,(anonymous_50)
FN:468,(anonymous_51)
FN:469,(anonymous_52)
FN:564,(anonymous_53)
FN:627,(anonymous_54)
FN:634,(anonymous_55)
FN:640,(anonymous_56)
FN:659,(anonymous_57)
FN:690,(anonymous_58)
FN:712,(anonymous_59)
FN:727,(anonymous_60)
FN:741,(anonymous_61)
FN:759,(anonymous_62)
FN:771,(anonymous_63)
FN:778,(anonymous_64)
FN:787,(anonymous_65)
FN:812,(anonymous_66)
FN:840,(anonymous_67)
FN:849,(anonymous_68)
FN:872,(anonymous_69)
FN:945,(anonymous_70)
FN:958,(anonymous_71)
FN:961,(anonymous_72)
FN:974,(anonymous_73)
FN:977,(anonymous_74)
FN:987,(anonymous_75)
FN:991,(anonymous_76)
FN:991,(anonymous_77)
FN:991,(anonymous_78)
FN:1007,(anonymous_79)
FN:1040,(anonymous_80)
FN:1047,(anonymous_81)
FN:1066,(anonymous_82)
FN:1069,(anonymous_83)
FN:1210,(anonymous_84)
FN:1248,(anonymous_85)
FN:1254,(anonymous_86)
FN:1274,(anonymous_87)
FN:1317,(anonymous_88)
FN:1320,(anonymous_89)
FN:1334,(anonymous_90)
FN:1340,(anonymous_91)
FN:1366,(anonymous_92)
FN:1372,(anonymous_93)
FN:1421,(anonymous_94)
FN:1479,(anonymous_95)
FN:1485,(anonymous_96)
FN:1498,(anonymous_97)
FN:1515,(anonymous_98)
FN:1522,(anonymous_99)
FN:1527,(anonymous_100)
FNF:101
FNH:16
FNDA:0,(anonymous_0)
FNDA:17,(anonymous_1)
FNDA:17,(anonymous_2)
FNDA:17,(anonymous_3)
FNDA:13,(anonymous_4)
FNDA:0,(anonymous_5)
FNDA:0,(anonymous_6)
FNDA:13,(anonymous_7)
FNDA:13,(anonymous_8)
FNDA:13,(anonymous_9)
FNDA:13,(anonymous_10)
FNDA:3,(anonymous_11)
FNDA:13,(anonymous_12)
FNDA:13,(anonymous_13)
FNDA:1,(anonymous_14)
FNDA:0,(anonymous_15)
FNDA:0,(anonymous_16)
FNDA:0,(anonymous_17)
FNDA:0,(anonymous_18)
FNDA:0,(anonymous_19)
FNDA:0,(anonymous_20)
FNDA:0,(anonymous_21)
FNDA:0,(anonymous_22)
FNDA:0,(anonymous_23)
FNDA:0,(anonymous_24)
FNDA:0,(anonymous_25)
FNDA:0,(anonymous_26)
FNDA:0,(anonymous_27)
FNDA:0,(anonymous_28)
FNDA:0,(anonymous_29)
FNDA:0,(anonymous_30)
FNDA:0,(anonymous_31)
FNDA:0,(anonymous_32)
FNDA:0,(anonymous_33)
FNDA:0,(anonymous_34)
FNDA:0,(anonymous_35)
FNDA:1,(anonymous_36)
FNDA:0,(anonymous_37)
FNDA:0,(anonymous_38)
FNDA:0,(anonymous_39)
FNDA:0,(anonymous_40)
FNDA:0,(anonymous_41)
FNDA:0,(anonymous_42)
FNDA:0,(anonymous_43)
FNDA:0,(anonymous_44)
FNDA:0,(anonymous_45)
FNDA:0,(anonymous_46)
FNDA:0,(anonymous_47)
FNDA:0,(anonymous_48)
FNDA:0,(anonymous_49)
FNDA:0,(anonymous_50)
FNDA:0,(anonymous_51)
FNDA:0,(anonymous_52)
FNDA:0,(anonymous_53)
FNDA:0,(anonymous_54)
FNDA:0,(anonymous_55)
FNDA:0,(anonymous_56)
FNDA:0,(anonymous_57)
FNDA:0,(anonymous_58)
FNDA:2,(anonymous_59)
FNDA:17,(anonymous_60)
FNDA:34,(anonymous_61)
FNDA:0,(anonymous_62)
FNDA:0,(anonymous_63)
FNDA:0,(anonymous_64)
FNDA:0,(anonymous_65)
FNDA:0,(anonymous_66)
FNDA:0,(anonymous_67)
FNDA:0,(anonymous_68)
FNDA:0,(anonymous_69)
FNDA:0,(anonymous_70)
FNDA:0,(anonymous_71)
FNDA:0,(anonymous_72)
FNDA:0,(anonymous_73)
FNDA:0,(anonymous_74)
FNDA:0,(anonymous_75)
FNDA:0,(anonymous_76)
FNDA:0,(anonymous_77)
FNDA:0,(anonymous_78)
FNDA:0,(anonymous_79)
FNDA:0,(anonymous_80)
FNDA:0,(anonymous_81)
FNDA:0,(anonymous_82)
FNDA:0,(anonymous_83)
FNDA:0,(anonymous_84)
FNDA:0,(anonymous_85)
FNDA:0,(anonymous_86)
FNDA:0,(anonymous_87)
FNDA:0,(anonymous_88)
FNDA:0,(anonymous_89)
FNDA:0,(anonymous_90)
FNDA:0,(anonymous_91)
FNDA:0,(anonymous_92)
FNDA:0,(anonymous_93)
FNDA:0,(anonymous_94)
FNDA:0,(anonymous_95)
FNDA:0,(anonymous_96)
FNDA:0,(anonymous_97)
FNDA:0,(anonymous_98)
FNDA:0,(anonymous_99)
FNDA:0,(anonymous_100)
DA:20,2
DA:21,0
DA:22,0
DA:23,0
DA:24,0
DA:27,2
DA:28,17
DA:29,17
DA:30,0
DA:33,2
DA:34,17
DA:35,17
DA:36,0
DA:37,0
DA:40,2
DA:51,17
DA:52,17
DA:53,17
DA:54,17
DA:55,17
DA:56,17
DA:58,17
DA:59,17
DA:60,17
DA:61,17
DA:62,17
DA:65,17
DA:66,17
DA:67,17
DA:68,17
DA:69,17
DA:71,17
DA:79,17
DA:80,0
DA:81,0
DA:82,0
DA:83,0
DA:85,0
DA:86,0
DA:91,17
DA:93,17
DA:94,13
DA:95,13
DA:100,17
DA:103,17
DA:104,17
DA:107,17
DA:108,17
DA:109,17
DA:112,17
DA:113,17
DA:116,17
DA:117,17
DA:120,17
DA:121,17
DA:122,17
DA:123,17
DA:124,17
DA:126,17
DA:127,13
DA:128,3
DA:129,3
DA:133,17
DA:134,13
DA:135,13
DA:138,13
DA:139,3
DA:140,3
DA:145,17
DA:146,13
DA:148,13
DA:149,13
DA:152,17
DA:153,13
DA:156,17
DA:157,1
DA:158,1
DA:159,1
DA:160,1
DA:161,1
DA:165,17
DA:166,0
DA:167,0
DA:168,0
DA:169,0
DA:170,0
DA:173,17
DA:174,0
DA:175,0
DA:176,0
DA:177,0
DA:178,0
DA:181,17
DA:182,0
DA:183,0
DA:186,17
DA:187,0
DA:190,0
DA:191,0
DA:193,0
DA:194,0
DA:196,0
DA:197,0
DA:198,0
DA:199,0
DA:202,0
DA:208,0
DA:209,0
DA:210,0
DA:211,0
DA:213,0
DA:214,0
DA:215,0
DA:216,0
DA:217,0
DA:218,0
DA:219,0
DA:220,0
DA:222,0
DA:226,0
DA:227,0
DA:228,0
DA:232,17
DA:233,0
DA:234,0
DA:235,0
DA:236,0
DA:237,0
DA:238,0
DA:239,0
DA:240,0
DA:242,0
DA:243,0
DA:244,0
DA:246,0
DA:251,17
DA:252,0
DA:254,0
DA:256,0
DA:257,0
DA:258,0
DA:259,0
DA:260,0
DA:262,0
DA:263,0
DA:264,0
DA:266,0
DA:271,17
DA:272,0
DA:273,0
DA:274,0
DA:275,0
DA:276,0
DA:277,0
DA:279,0
DA:280,0
DA:281,0
DA:283,0
DA:288,17
DA:289,0
DA:290,0
DA:291,0
DA:292,0
DA:293,0
DA:294,0
DA:297,17
DA:298,0
DA:299,0
DA:300,0
DA:301,0
DA:302,0
DA:304,0
DA:305,0
DA:307,0
DA:311,17
DA:312,0
DA:315,17
DA:316,0
DA:318,0
DA:322,17
DA:323,0
DA:324,0
DA:331,0
DA:335,0
DA:336,0
DA:339,17
DA:340,0
DA:342,0
DA:346,17
DA:347,1
DA:350,17
DA:351,0
DA:352,0
DA:353,0
DA:354,0
DA:355,0
DA:359,0
DA:360,0
DA:361,0
DA:362,0
DA:363,0
DA:364,0
DA:365,0
DA:366,0
DA:367,0
DA:368,0
DA:369,0
DA:370,0
DA:373,0
DA:374,0
DA:375,0
DA:378,0
DA:379,0
DA:380,0
DA:381,0
DA:382,0
DA:383,0
DA:385,0
DA:387,0
DA:391,17
DA:392,0
DA:395,17
DA:396,0
DA:397,0
DA:399,0
DA:400,0
DA:402,0
DA:403,0
DA:404,0
DA:405,0
DA:408,0
DA:409,0
DA:410,0
DA:411,0
DA:417,0
DA:420,0
DA:423,17
DA:424,0
DA:425,0
DA:426,0
DA:428,0
DA:429,0
DA:430,0
DA:431,0
DA:433,0
DA:437,17
DA:438,0
DA:442,0
DA:443,0
DA:444,0
DA:448,17
DA:449,0
DA:450,0
DA:451,0
DA:452,0
DA:453,0
DA:454,0
DA:455,0
DA:460,17
DA:461,17
DA:464,17
DA:465,17
DA:466,17
DA:468,0
DA:469,0
DA:473,17
DA:564,0
DA:627,0
DA:634,0
DA:640,0
DA:660,0
DA:661,0
DA:662,0
DA:690,0
DA:713,2
DA:714,2
DA:728,17
DA:729,17
DA:731,17
DA:732,17
DA:742,34
DA:743,34
DA:744,34
DA:745,34
DA:746,34
DA:747,34
DA:748,34
DA:749,34
DA:750,17
DA:752,34
DA:753,34
DA:754,34
DA:759,0
DA:771,0
DA:778,0
DA:787,0
DA:812,0
DA:840,0
DA:849,0
DA:872,0
DA:945,0
DA:958,0
DA:961,0
DA:974,0
DA:977,0
DA:988,0
DA:991,0
DA:1007,0
DA:1040,0
DA:1047,0
DA:1067,0
DA:1069,0
DA:1210,0
DA:1248,0
DA:1254,0
DA:1275,0
DA:1276,0
DA:1277,0
DA:1278,0
DA:1279,0
DA:1280,0
DA:1281,0
DA:1282,0
DA:1283,0
DA:1284,0
DA:1285,0
DA:1287,0
DA:1290,0
DA:1291,0
DA:1318,0
DA:1320,0
DA:1334,0
DA:1340,0
DA:1366,0
DA:1372,0
DA:1421,0
DA:1479,0
DA:1485,0
DA:1498,0
DA:1515,0
DA:1522,0
DA:1528,0
LF:342
LH:112
BRDA:24,0,0,0
BRDA:24,0,1,0
BRDA:28,1,0,0
BRDA:28,1,1,17
BRDA:29,2,0,17
BRDA:29,2,1,0
BRDA:34,3,0,0
BRDA:34,3,1,17
BRDA:35,4,0,17
BRDA:35,4,1,0
BRDA:36,5,0,0
BRDA:36,5,1,0
BRDA:48,6,0,0
BRDA:67,7,0,0
BRDA:67,7,1,13
BRDA:80,8,0,0
BRDA:80,8,1,0
BRDA:83,9,0,0
BRDA:83,9,1,0
BRDA:117,10,0,17
BRDA:117,10,1,0
BRDA:127,11,0,3
BRDA:127,11,1,10
BRDA:129,12,0,3
BRDA:129,12,1,0
BRDA:135,13,0,13
BRDA:135,13,1,0
BRDA:138,14,0,3
BRDA:138,14,1,10
BRDA:146,15,0,0
BRDA:146,15,1,13
BRDA:157,16,0,1
BRDA:157,16,1,0
BRDA:166,17,0,0
BRDA:166,17,1,0
BRDA:174,18,0,0
BRDA:174,18,1,0
BRDA:175,19,0,0
BRDA:175,19,1,0
BRDA:182,20,0,0
BRDA:182,20,1,0
BRDA:190,21,0,0
BRDA:190,21,1,0
BRDA:193,22,0,0
BRDA:193,22,1,0
BRDA:197,23,0,0
BRDA:197,23,1,0
BRDA:217,24,0,0
BRDA:217,24,1,0
BRDA:219,25,0,0
BRDA:219,25,1,0
BRDA:219,26,0,0
BRDA:219,26,1,0
BRDA:243,27,0,0
BRDA:243,27,1,0
BRDA:252,28,0,0
BRDA:252,28,1,0
BRDA:252,29,0,0
BRDA:252,29,1,0
BRDA:263,30,0,0
BRDA:263,30,1,0
BRDA:274,31,0,0
BRDA:274,31,1,0
BRDA:280,32,0,0
BRDA:280,32,1,0
BRDA:294,33,0,0
BRDA:294,33,1,0
BRDA:318,34,0,0
BRDA:318,34,1,0
BRDA:318,35,0,0
BRDA:318,35,1,0
BRDA:323,36,0,0
BRDA:323,36,1,0
BRDA:333,37,0,0
BRDA:333,37,1,0
BRDA:342,38,0,0
BRDA:342,38,1,0
BRDA:352,39,0,0
BRDA:352,39,1,0
BRDA:353,40,0,0
BRDA:353,40,1,0
BRDA:367,41,0,0
BRDA:367,41,1,0
BRDA:368,42,0,0
BRDA:368,42,1,0
BRDA:373,43,0,0
BRDA:373,43,1,0
BRDA:397,44,0,0
BRDA:397,44,1,0
BRDA:402,45,0,0
BRDA:402,45,1,0
BRDA:403,46,0,0
BRDA:403,46,1,0
BRDA:404,47,0,0
BRDA:404,47,1,0
BRDA:420,48,0,0
BRDA:420,48,1,0
BRDA:424,49,0,0
BRDA:424,49,1,0
BRDA:438,50,0,0
BRDA:438,50,1,0
BRDA:438,51,0,0
BRDA:438,51,1,0
BRDA:449,52,0,0
BRDA:449,52,1,0
BRDA:449,52,2,0
BRDA:449,52,3,0
BRDA:449,52,4,0
BRDA:449,52,5,0
BRDA:460,53,0,0
BRDA:460,53,1,17
BRDA:460,54,0,0
BRDA:460,54,1,0
BRDA:460,55,0,17
BRDA:460,55,1,0
BRDA:461,56,0,0
BRDA:461,56,1,17
BRDA:461,57,0,0
BRDA:461,57,1,0
BRDA:461,58,0,17
BRDA:461,58,1,17
BRDA:464,59,0,0
BRDA:464,59,1,17
BRDA:464,60,0,0
BRDA:464,60,1,0
BRDA:464,61,0,17
BRDA:464,61,1,0
BRDA:466,62,0,0
BRDA:466,62,1,17
BRDA:502,63,0,17
BRDA:502,63,1,0
BRDA:543,64,0,17
BRDA:543,64,1,17
BRDA:543,64,2,0
BRDA:543,64,3,17
BRDA:543,64,4,17
BRDA:558,65,0,0
BRDA:558,65,1,17
BRDA:558,66,0,17
BRDA:558,66,1,17
BRDA:558,66,2,17
BRDA:560,67,0,0
BRDA:560,67,1,0
BRDA:562,68,0,0
BRDA:562,68,1,0
BRDA:563,69,0,0
BRDA:563,69,1,0
BRDA:568,70,0,0
BRDA:568,70,1,17
BRDA:569,71,0,0
BRDA:569,71,1,17
BRDA:575,72,0,17
BRDA:575,72,1,0
BRDA:586,73,0,17
BRDA:586,73,1,17
BRDA:586,73,2,0
BRDA:586,73,3,0
BRDA:586,73,4,0
BRDA:586,73,5,17
BRDA:588,74,0,17
BRDA:588,74,1,0
BRDA:588,74,2,17
BRDA:591,75,0,0
BRDA:591,75,1,17
BRDA:593,76,0,0
BRDA:593,76,1,17
BRDA:595,77,0,17
BRDA:595,77,1,0
BRDA:595,77,2,17
BRDA:622,78,0,0
BRDA:622,78,1,17
BRDA:650,79,0,17
BRDA:650,79,1,17
BRDA:650,79,2,17
BRDA:657,80,0,17
BRDA:657,80,1,0
BRDA:660,81,0,0
BRDA:660,81,1,0
BRDA:661,82,0,0
BRDA:661,82,1,0
BRDA:665,83,0,0
BRDA:665,83,1,0
BRDA:666,84,0,0
BRDA:666,84,1,0
BRDA:668,85,0,0
BRDA:668,85,1,0
BRDA:687,86,0,17
BRDA:687,86,1,17
BRDA:688,87,0,0
BRDA:688,87,1,17
BRDA:688,88,0,17
BRDA:688,88,1,0
BRDA:690,89,0,0
BRDA:690,89,1,0
BRDA:691,90,0,0
BRDA:691,90,1,17
BRDA:699,91,0,17
BRDA:699,91,1,0
BRDA:708,92,0,0
BRDA:708,92,1,17
BRDA:714,93,0,1
BRDA:714,93,1,1
BRDA:716,94,0,17
BRDA:716,94,1,0
BRDA:716,95,0,0
BRDA:716,95,1,17
BRDA:717,96,0,0
BRDA:717,96,1,17
BRDA:726,97,0,0
BRDA:726,97,1,17
BRDA:726,98,0,17
BRDA:726,98,1,0
BRDA:729,99,0,0
BRDA:729,99,1,17
BRDA:729,100,0,17
BRDA:729,100,1,0
BRDA:731,101,0,0
BRDA:731,101,1,17
BRDA:731,102,0,17
BRDA:731,102,1,17
BRDA:731,102,2,0
BRDA:731,102,3,0
BRDA:736,103,0,17
BRDA:736,103,1,17
BRDA:736,103,2,17
BRDA:739,104,0,17
BRDA:739,104,1,0
BRDA:745,105,0,34
BRDA:745,105,1,0
BRDA:747,106,0,0
BRDA:747,106,1,34
BRDA:747,107,0,0
BRDA:747,107,1,34
BRDA:749,108,0,17
BRDA:749,108,1,17
BRDA:749,109,0,34
BRDA:749,109,1,34
BRDA:749,109,2,17
BRDA:749,109,3,17
BRDA:750,110,0,17
BRDA:750,110,1,0
BRDA:752,111,0,0
BRDA:752,111,1,34
BRDA:753,112,0,0
BRDA:753,112,1,34
BRDA:753,113,0,34
BRDA:753,113,1,0
BRDA:756,114,0,0
BRDA:756,114,1,34
BRDA:757,115,0,0
BRDA:757,115,1,0
BRDA:757,116,0,0
BRDA:757,116,1,0
BRDA:760,117,0,0
BRDA:760,117,1,0
BRDA:763,118,0,0
BRDA:763,118,1,0
BRDA:767,119,0,0
BRDA:767,119,1,0
BRDA:767,120,0,0
BRDA:767,120,1,0
BRDA:785,121,0,0
BRDA:785,121,1,34
BRDA:788,122,0,0
BRDA:788,122,1,0
BRDA:790,123,0,0
BRDA:790,123,1,0
BRDA:790,124,0,0
BRDA:790,124,1,0
BRDA:791,125,0,0
BRDA:791,125,1,0
BRDA:793,126,0,0
BRDA:793,126,1,0
BRDA:804,127,0,0
BRDA:804,127,1,0
BRDA:806,128,0,0
BRDA:806,128,1,0
BRDA:806,129,0,0
BRDA:806,129,1,0
BRDA:810,130,0,17
BRDA:810,130,1,17
BRDA:813,131,0,0
BRDA:813,131,1,17
BRDA:815,132,0,0
BRDA:815,132,1,17
BRDA:815,133,0,0
BRDA:815,133,1,17
BRDA:816,134,0,0
BRDA:816,134,1,17
BRDA:818,135,0,0
BRDA:818,135,1,17
BRDA:829,136,0,0
BRDA:829,136,1,17
BRDA:831,137,0,17
BRDA:831,137,1,0
BRDA:831,138,0,0
BRDA:831,138,1,17
BRDA:841,139,0,0
BRDA:841,139,1,17
BRDA:843,140,0,0
BRDA:843,140,1,17
BRDA:843,141,0,0
BRDA:843,141,1,17
BRDA:843,142,0,17
BRDA:843,142,1,0
BRDA:844,143,0,0
BRDA:844,143,1,17
BRDA:846,144,0,0
BRDA:846,144,1,17
BRDA:848,145,0,17
BRDA:848,145,1,0
BRDA:860,146,0,0
BRDA:860,146,1,17
BRDA:863,147,0,17
BRDA:863,147,1,0
BRDA:863,148,0,0
BRDA:863,148,1,17
BRDA:864,149,0,0
BRDA:864,149,1,17
BRDA:870,150,0,34
BRDA:870,150,1,0
BRDA:884,151,0,0
BRDA:884,151,1,0
BRDA:733,152,0,17
BRDA:733,152,1,17
BRDA:894,153,0,17
BRDA:894,153,1,1
BRDA:900,154,0,1
BRDA:900,154,1,1
BRDA:901,155,0,1
BRDA:901,155,1,0
BRDA:902,156,0,1
BRDA:902,156,1,0
BRDA:903,157,0,1
BRDA:903,157,1,0
BRDA:904,158,0,1
BRDA:904,158,1,0
BRDA:905,159,0,1
BRDA:905,159,1,0
BRDA:906,160,0,1
BRDA:906,160,1,0
BRDA:907,161,0,1
BRDA:907,161,1,0
BRDA:908,162,0,1
BRDA:908,162,1,0
BRDA:909,163,0,1
BRDA:909,163,1,0
BRDA:910,164,0,1
BRDA:910,164,1,0
BRDA:921,165,0,1
BRDA:921,165,1,1
BRDA:938,166,0,1
BRDA:938,166,1,1
BRDA:985,167,0,1
BRDA:985,167,1,0
BRDA:989,168,0,0
BRDA:989,168,1,0
BRDA:998,169,0,0
BRDA:998,169,1,1
BRDA:1015,170,0,1
BRDA:1015,170,1,0
BRDA:1032,171,0,0
BRDA:1032,171,1,0
BRDA:1033,172,0,0
BRDA:1033,172,1,0
BRDA:1042,173,0,0
BRDA:1042,173,1,0
BRDA:1055,174,0,1
BRDA:1055,174,1,0
BRDA:1070,175,0,0
BRDA:1070,175,1,0
BRDA:1089,176,0,1
BRDA:1089,176,1,0
BRDA:1120,177,0,1
BRDA:1120,177,1,0
BRDA:1195,178,0,1
BRDA:1195,178,1,0
BRDA:1195,178,2,0
BRDA:1218,179,0,1
BRDA:1218,179,1,0
BRDA:1218,179,2,0
BRDA:1240,180,0,0
BRDA:1240,180,1,0
BRDA:1240,181,0,0
BRDA:1240,181,1,0
BRDA:1241,182,0,0
BRDA:1241,182,1,0
BRDA:1249,183,0,0
BRDA:1249,183,1,0
BRDA:1249,184,0,0
BRDA:1249,184,1,0
BRDA:1262,185,0,1
BRDA:1262,185,1,0
BRDA:1262,185,2,0
BRDA:1276,186,0,0
BRDA:1276,186,1,0
BRDA:1276,187,0,0
BRDA:1276,187,1,0
BRDA:1279,188,0,0
BRDA:1279,188,1,0
BRDA:1282,189,0,0
BRDA:1282,189,1,0
BRDA:1291,190,0,0
BRDA:1291,190,1,0
BRDA:1306,191,0,1
BRDA:1306,191,1,0
BRDA:1321,192,0,0
BRDA:1321,192,1,0
BRDA:1348,193,0,1
BRDA:1348,193,1,0
BRDA:1358,194,0,0
BRDA:1358,194,1,0
BRDA:1359,195,0,0
BRDA:1359,195,1,0
BRDA:1367,196,0,0
BRDA:1367,196,1,0
BRDA:1380,197,0,1
BRDA:1380,197,1,0
BRDA:1399,198,0,17
BRDA:1399,198,1,0
BRDA:1415,199,0,17
BRDA:1415,199,1,0
BRDA:1496,200,0,17
BRDA:1496,200,1,0
BRDA:1513,201,0,0
BRDA:1513,201,1,0
BRDA:1515,202,0,0
BRDA:1515,202,1,0
BRDA:1528,203,0,0
BRDA:1528,203,1,0
BRDA:1528,204,0,0
BRDA:1528,204,1,0
BRDA:1535,205,0,0
BRDA:1535,205,1,0
BRF:434
BRH:143
end_of_record
TN:
SF:components/FanDashboard.tsx
FN:18,(anonymous_0)
FN:31,(anonymous_1)
FN:39,(anonymous_2)
FN:63,(anonymous_3)
FN:64,(anonymous_4)
FN:68,(anonymous_5)
FN:83,(anonymous_6)
FN:100,(anonymous_7)
FN:109,(anonymous_8)
FN:116,(anonymous_9)
FN:123,(anonymous_10)
FN:128,(anonymous_11)
FN:130,(anonymous_12)
FN:130,(anonymous_13)
FN:135,(anonymous_14)
FN:136,(anonymous_15)
FN:146,(anonymous_16)
FN:151,(anonymous_17)
FN:152,(anonymous_18)
FN:173,(anonymous_19)
FN:216,(anonymous_20)
FN:223,(anonymous_21)
FN:225,(anonymous_22)
FN:226,(anonymous_23)
FN:229,(anonymous_24)
FN:230,(anonymous_25)
FN:242,(anonymous_26)
FN:245,(anonymous_27)
FN:259,(anonymous_28)
FN:261,(anonymous_29)
FN:263,(anonymous_30)
FN:268,(anonymous_31)
FN:273,(anonymous_32)
FN:285,(anonymous_33)
FN:286,(anonymous_34)
FN:292,(anonymous_35)
FN:303,(anonymous_36)
FN:312,(anonymous_37)
FN:314,(anonymous_38)
FN:321,(anonymous_39)
FN:324,(anonymous_40)
FN:336,(anonymous_41)
FN:341,(anonymous_42)
FN:346,(anonymous_43)
FN:348,(anonymous_44)
FN:349,(anonymous_45)
FN:354,(anonymous_46)
FN:354,(anonymous_47)
FN:358,(anonymous_48)
FN:360,(anonymous_49)
FN:361,(anonymous_50)
FN:364,(anonymous_51)
FN:367,(anonymous_52)
FN:372,(anonymous_53)
FN:376,(anonymous_54)
FN:378,(anonymous_55)
FN:379,(anonymous_56)
FN:393,(anonymous_57)
FN:394,(anonymous_58)
FN:402,(anonymous_59)
FN:408,(anonymous_60)
FN:415,(anonymous_61)
FN:428,(anonymous_62)
FN:430,(anonymous_63)
FN:434,(anonymous_64)
FN:439,(anonymous_65)
FN:466,(anonymous_66)
FN:467,(anonymous_67)
FN:480,(anonymous_68)
FN:481,(anonymous_69)
FN:483,(anonymous_70)
FN:511,(anonymous_71)
FN:515,(anonymous_72)
FN:516,(anonymous_73)
FN:517,(anonymous_74)
FN:522,(anonymous_75)
FN:527,(anonymous_76)
FN:528,(anonymous_77)
FN:537,(anonymous_78)
FN:539,(anonymous_79)
[...]
DA:1722,0
DA:1723,0
DA:1726,0
DA:1727,0
DA:1729,0
DA:1730,0
DA:1731,0
DA:1732,0
DA:1734,0
DA:1735,0
DA:1736,0
DA:1737,0
DA:1738,0
DA:1739,0
DA:1740,0
DA:1741,0
DA:1742,0
DA:1743,0
DA:1744,0
DA:1745,0
DA:1746,0
DA:1747,0
DA:1749,0
DA:1750,0
DA:1751,0
DA:1752,0
DA:1753,0
DA:1756,0
DA:1757,0
DA:1758,0
DA:1759,0
DA:1761,0
DA:1762,0
DA:1763,0
DA:1764,0
DA:1765,0
DA:1768,0
DA:1771,0
DA:1774,1
DA:1775,0
DA:1777,0
DA:1778,0
DA:1779,0
DA:1781,0
DA:1782,0
DA:1784,0
DA:1785,0
DA:1787,0
DA:1789,0
DA:1790,0
DA:1791,0
DA:1792,0
DA:1793,0
DA:1794,0
DA:1795,0
DA:1796,0
DA:1797,0
DA:1798,0
DA:1800,0
DA:1801,0
DA:1802,0
DA:1807,0
DA:1815,0
DA:1818,0
DA:1820,0
DA:1821,0
DA:1822,0
DA:1823,0
DA:1825,0
DA:1826,0
DA:1827,0
DA:1828,0
DA:1829,0
DA:1830,0
DA:1831,0
DA:1832,0
DA:1833,0
DA:1834,0
DA:1835,0
DA:1836,0
DA:1837,0
DA:1838,0
DA:1840,0
DA:1841,0
DA:1842,0
DA:1843,0
DA:1844,0
DA:1847,0
DA:1849,0
DA:1850,0
DA:1851,0
DA:1853,0
DA:1862,0
DA:1865,1
DA:1866,0
DA:1868,0
DA:1872,0
DA:1875,1
DA:1876,0
DA:1878,0
DA:1879,0
DA:1882,0
DA:1889,0
DA:1890,0
DA:1893,0
DA:1896,0
DA:1899,0
DA:1900,0
DA:1901,0
DA:1904,0
DA:1907,0
DA:1908,0
DA:1909,0
DA:1910,0
DA:1911,0
DA:1916,0
DA:1924,0
DA:1929,0
DA:1930,0
DA:1931,0
DA:1933,0
DA:1955,1
DA:1956,0
DA:1958,0
DA:1974,0
DA:1975,0
DA:1979,1
DA:1980,1
DA:1982,1
DA:1989,1
DA:1992,3
DA:1993,1
DA:1995,1
DA:1996,1
DA:1997,1
DA:1998,1
DA:2003,1
DA:2004,3
DA:2005,3
DA:2006,3
DA:2009,3
DA:2011,3
DA:2012,3
DA:2013,3
DA:2015,3
DA:2016,3
DA:2017,1
DA:2018,0
DA:2019,0
DA:2020,0
DA:2023,0
DA:2029,0
DA:2030,0
DA:2031,0
DA:2033,0
DA:2036,3
DA:2054,8
DA:2056,8
DA:2057,1
DA:2058,8
DA:2064,1
DA:2067,1
DA:2068,0
DA:2070,0
DA:2071,0
DA:2072,0
DA:2075,0
DA:2077,0
DA:2079,0
DA:2080,0
DA:2081,0
DA:2083,0
DA:2084,0
DA:2088,0
DA:2090,0
DA:2092,0
DA:2095,1
DA:2096,0
DA:2097,0
DA:2098,0
DA:2100,0
DA:2101,0
DA:2108,1
DA:2109,0
DA:2110,0
DA:2112,0
DA:2113,0
DA:2121,0
DA:2123,0
DA:2125,0
DA:2126,0
DA:2127,0
DA:2128,0
DA:2129,0
DA:2130,0
DA:2131,0
DA:2134,0
DA:2136,0
DA:2137,0
DA:2140,0
DA:2143,1
DA:2151,1
DA:2152,0
DA:2153,0
DA:2154,0
DA:2155,0
DA:2156,0
DA:2157,0
DA:2161,0
DA:2162,0
DA:2164,0
DA:2168,1
DA:2176,1
DA:2177,0
DA:2178,0
DA:2179,0
DA:2180,0
DA:2181,0
DA:2182,0
DA:2186,0
DA:2187,0
DA:2189,0
DA:2194,1
DA:2195,0
DA:2196,0
DA:2197,0
DA:2198,0
DA:2199,0
DA:2206,0
DA:2208,0
DA:2212,1
DA:2213,2
DA:2214,2
DA:2215,2
DA:2216,2
DA:2217,2
DA:2218,0
DA:2221,1
DA:2222,0
DA:2223,0
DA:2224,0
DA:2225,0
DA:2228,0
DA:2229,0
DA:2230,0
DA:2232,0
DA:2233,0
DA:2237,1
DA:2238,0
DA:2240,0
DA:2241,0
DA:2242,0
DA:2243,0
DA:2245,0
DA:2246,0
DA:2250,1
DA:2251,0
DA:2253,0
DA:2254,0
DA:2255,0
DA:2263,1
DA:2264,0
DA:2266,0
DA:2267,0
DA:2269,0
DA:2270,0
DA:2276,0
DA:2284,0
DA:2285,0
DA:2286,0
DA:2288,0
LF:991
LH:146
BRDA:6,0,0,1
BRDA:6,0,1,1
BRDA:29,1,0,0
BRDA:29,1,1,0
BRDA:30,2,0,0
BRDA:30,2,1,0
BRDA:31,3,0,0
BRDA:31,3,1,0
BRDA:31,4,0,0
BRDA:31,4,1,0
BRDA:32,5,0,0
BRDA:32,5,1,0
BRDA:33,6,0,0
BRDA:33,6,1,0
BRDA:34,7,0,0
BRDA:34,7,1,0
BRDA:35,8,0,0
BRDA:35,8,1,0
BRDA:36,9,0,0
BRDA:36,9,1,0
BRDA:37,10,0,0
BRDA:37,10,1,0
BRDA:38,11,0,0
BRDA:38,11,1,0
BRDA:55,12,0,0
BRDA:55,12,1,0
BRDA:55,13,0,0
BRDA:55,13,1,0
BRDA:59,14,0,0
BRDA:59,14,1,0
BRDA:69,15,0,0
BRDA:69,15,1,0
BRDA:71,16,0,0
BRDA:71,16,1,0
BRDA:72,17,0,0
BRDA:72,17,1,0
BRDA:74,18,0,0
BRDA:74,18,1,0
BRDA:83,19,0,0
BRDA:83,19,1,0
BRDA:83,20,0,0
BRDA:83,20,1,0
BRDA:99,21,0,0
BRDA:99,21,1,0
BRDA:99,22,0,0
BRDA:99,22,1,0
BRDA:105,23,0,0
BRDA:105,23,1,0
BRDA:105,24,0,0
BRDA:105,24,1,0
BRDA:105,24,2,0
BRDA:107,25,0,0
BRDA:107,25,1,0
BRDA:119,26,0,0
BRDA:119,26,1,0
BRDA:134,27,0,0
BRDA:134,27,1,0
BRDA:134,27,2,0
BRDA:139,28,0,0
BRDA:139,28,1,0
BRDA:145,29,0,0
BRDA:145,29,1,0
BRDA:145,29,2,0
BRDA:152,30,0,0
BRDA:152,30,1,0
BRDA:153,31,0,0
BRDA:153,31,1,0
BRDA:158,32,0,0
BRDA:158,32,1,0
BRDA:159,33,0,0
BRDA:159,33,1,0
BRDA:175,34,0,0
BRDA:176,35,0,0
BRDA:176,35,1,0
BRDA:179,36,0,0
BRDA:179,36,1,0
BRDA:188,37,0,0
BRDA:188,37,1,0
BRDA:190,38,0,0
BRDA:190,38,1,0
BRDA:197,39,0,0
BRDA:197,39,1,0
BRDA:208,40,0,0
BRDA:208,40,1,0
BRDA:218,41,0,0
BRDA:218,41,1,0
BRDA:225,42,0,0
BRDA:225,42,1,0
BRDA:225,43,0,0
BRDA:225,43,1,0
BRDA:225,43,2,0
BRDA:231,44,0,0
BRDA:231,44,1,0
BRDA:234,45,0,0
BRDA:234,45,1,0
BRDA:241,46,0,0
BRDA:241,46,1,0
BRDA:245,47,0,0
BRDA:245,47,1,0
BRDA:246,48,0,0
BRDA:246,48,1,0
BRDA:254,49,0,0
BRDA:254,49,1,0
BRDA:256,50,0,0
BRDA:256,50,1,0
BRDA:265,51,0,0
BRDA:265,51,1,0
BRDA:272,52,0,0
BRDA:272,52,1,0
BRDA:274,53,0,0
BRDA:274,53,1,0
BRDA:281,54,0,0
BRDA:281,54,1,0
BRDA:290,55,0,0
BRDA:290,55,1,0
BRDA:294,56,0,0
BRDA:294,56,1,0
BRDA:301,57,0,0
BRDA:301,57,1,0
BRDA:301,57,2,0
BRDA:303,58,0,0
BRDA:303,58,1,0
BRDA:308,59,0,0
BRDA:308,59,1,0
BRDA:315,60,0,0
BRDA:315,60,1,0
BRDA:326,61,0,0
BRDA:326,61,1,0
BRDA:337,62,0,0
BRDA:337,62,1,0
BRDA:341,63,0,0
BRDA:341,63,1,0
BRDA:348,64,0,0
BRDA:348,64,1,0
BRDA:352,65,0,0
BRDA:352,65,1,0
BRDA:360,66,0,0
BRDA:360,66,1,0
BRDA:364,67,0,0
BRDA:364,67,1,0
BRDA:366,68,0,0
BRDA:366,68,1,0
BRDA:370,69,0,0
BRDA:370,69,1,0
BRDA:378,70,0,0
BRDA:378,70,1,0
BRDA:395,71,0,0
BRDA:395,71,1,0
BRDA:411,72,0,0
BRDA:411,72,1,0
BRDA:415,73,0,0
BRDA:415,73,1,0
BRDA:426,74,0,0
BRDA:426,74,1,1
BRDA:431,75,0,1
BRDA:431,75,1,0
BRDA:445,76,0,0
BRDA:445,76,1,0
BRDA:453,77,0,0
BRDA:453,77,1,0
BRDA:456,78,0,0
BRDA:456,78,1,0
BRDA:456,79,0,0
BRDA:456,79,1,0
BRDA:476,80,0,0
BRDA:476,80,1,0
BRDA:479,81,0,0
BRDA:479,81,1,0
BRDA:486,82,0,0
BRDA:486,82,1,0
BRDA:486,83,0,0
BRDA:486,83,1,0
BRDA:494,84,0,0
BRDA:494,84,1,0
BRDA:496,85,0,0
BRDA:496,85,1,0
BRDA:496,86,0,0
BRDA:496,86,1,0
BRDA:497,87,0,0
BRDA:497,87,1,0
BRDA:497,88,0,0
BRDA:497,88,1,0
BRDA:503,89,0,0
BRDA:503,89,1,0
BRDA:503,89,2,0
BRDA:504,90,0,0
BRDA:504,90,1,0
BRDA:509,91,0,0
BRDA:509,91,1,0
BRDA:517,92,0,0
BRDA:517,92,1,0
BRDA:521,93,0,0
BRDA:521,93,1,0
BRDA:526,94,0,0
BRDA:526,94,1,0
BRDA:552,95,0,1
BRDA:552,95,1,0
BRDA:552,96,0,1
BRDA:552,96,1,1
BRDA:558,97,0,0
BRDA:558,97,1,1
BRDA:558,98,0,1
BRDA:558,98,1,1
BRDA:558,99,0,1
BRDA:558,99,1,0
BRDA:559,100,0,0
BRDA:559,100,1,0
BRDA:560,101,0,0
BRDA:560,101,1,0
BRDA:570,102,0,0
BRDA:570,102,1,0
BRDA:570,103,0,0
BRDA:570,103,1,0
BRDA:573,104,0,0
BRDA:573,104,1,0
BRDA:574,105,0,0
BRDA:574,105,1,0
BRDA:578,106,0,0
BRDA:578,106,1,0
BRDA:578,107,0,0
BRDA:578,107,1,0
BRDA:579,108,0,0
BRDA:579,108,1,0
BRDA:589,109,0,0
BRDA:589,109,1,0
BRDA:593,110,0,0
BRDA:593,110,1,0
BRDA:594,111,0,0
BRDA:594,111,1,0
BRDA:604,112,0,0
BRDA:604,112,1,1
BRDA:604,113,0,1
BRDA:604,113,1,0
BRDA:610,114,0,1
BRDA:610,114,1,0
BRDA:612,115,0,1
BRDA:612,115,1,0
BRDA:615,116,0,1
BRDA:615,116,1,0
BRDA:616,117,0,1
BRDA:616,117,1,0
BRDA:617,118,0,1
BRDA:617,118,1,0
BRDA:618,119,0,1
BRDA:618,119,1,1
BRDA:627,120,0,1
BRDA:627,120,1,0
BRDA:628,121,0,1
BRDA:628,121,1,0
BRDA:630,122,0,0
BRDA:630,122,1,0
BRDA:631,123,0,1
BRDA:631,123,1,1
BRDA:631,124,0,1
BRDA:631,124,1,0
BRDA:632,125,0,1
BRDA:632,125,1,0
BRDA:633,126,0,1
BRDA:633,126,1,0
BRDA:634,127,0,1
BRDA:634,127,1,1
BRDA:638,128,0,1
BRDA:638,128,1,0
BRDA:638,129,0,1
BRDA:638,129,1,0
BRDA:639,130,0,1
BRDA:639,130,1,1
BRDA:639,131,0,1
BRDA:639,131,1,0
BRDA:646,132,0,0
BRDA:646,132,1,0
BRDA:656,133,0,0
BRDA:656,133,1,0
BRDA:664,134,0,0
BRDA:664,134,1,0
BRDA:669,135,0,0
BRDA:669,135,1,0
BRDA:677,136,0,0
BRDA:677,136,1,1
BRDA:681,137,0,0
BRDA:681,137,1,1
BRDA:682,138,0,0
BRDA:682,138,1,1
BRDA:691,139,0,0
BRDA:691,139,1,1
BRDA:700,140,0,0
BRDA:700,140,1,0
BRDA:703,141,0,0
BRDA:703,141,1,1
BRDA:703,142,0,1
BRDA:703,142,1,0
BRDA:708,143,0,0
BRDA:708,143,1,1
BRDA:714,144,0,0
BRDA:714,144,1,0
BRDA:721,145,0,0
BRDA:721,145,1,0
BRDA:729,146,0,0
BRDA:729,146,1,0
BRDA:734,147,0,0
BRDA:734,147,1,0
BRDA:740,148,0,0
BRDA:740,148,1,0
BRDA:742,149,0,0
BRDA:742,149,1,0
BRDA:745,150,0,0
BRDA:745,150,1,0
BRDA:746,151,0,0
BRDA:746,151,1,0
BRDA:747,152,0,0
BRDA:747,152,1,0
BRDA:757,153,0,0
BRDA:757,153,1,0
BRDA:758,154,0,0
BRDA:758,154,1,0
BRDA:760,155,0,0
BRDA:760,155,1,0
BRDA:761,156,0,0
BRDA:761,156,1,0
BRDA:761,157,0,0
BRDA:761,157,1,0
BRDA:762,158,0,0
BRDA:762,158,1,0
BRDA:763,159,0,0
BRDA:763,159,1,0
BRDA:764,160,0,0
BRDA:764,160,1,0
BRDA:768,161,0,0
BRDA:768,161,1,0
BRDA:768,162,0,0
BRDA:768,162,1,0
BRDA:769,163,0,0
BRDA:769,163,1,0
BRDA:769,164,0,0
BRDA:769,164,1,0
BRDA:774,165,0,0
BRDA:774,165,1,0
BRDA:777,166,0,0
BRDA:777,166,1,0
BRDA:780,167,0,0
BRDA:780,167,1,0
BRDA:780,168,0,0
BRDA:780,168,1,0
BRDA:781,169,0,0
BRDA:781,169,1,0
BRDA:782,170,0,0
BRDA:782,170,1,0
BRDA:783,171,0,0
BRDA:783,171,1,0
BRDA:801,172,0,0
BRDA:801,172,1,0
BRDA:802,173,0,0
BRDA:802,173,1,0
BRDA:803,174,0,0
BRDA:803,174,1,0
BRDA:807,175,0,0
BRDA:807,175,1,0
BRDA:814,176,0,0
BRDA:814,176,1,0
BRDA:819,177,0,0
BRDA:819,177,1,0
BRDA:819,178,0,0
BRDA:819,178,1,0
BRDA:819,178,2,0
BRDA:820,179,0,0
BRDA:820,179,1,0
BRDA:832,180,0,0
BRDA:832,180,1,0
BRDA:852,181,0,0
BRDA:852,181,1,0
BRDA:852,182,0,0
BRDA:852,182,1,0
BRDA:855,183,0,0
BRDA:855,183,1,0
BRDA:875,184,0,0
BRDA:875,184,1,0
BRDA:885,185,0,0
BRDA:885,185,1,0
BRDA:888,186,0,0
BRDA:888,186,1,0
BRDA:888,187,0,0
BRDA:888,187,1,0
BRDA:898,188,0,0
BRDA:898,188,1,0
BRDA:898,189,0,0
BRDA:898,189,1,0
BRDA:903,190,0,0
BRDA:903,190,1,0
BRDA:903,191,0,0
BRDA:903,191,1,0
BRDA:905,192,0,0
BRDA:905,192,1,0
BRDA:912,193,0,0
BRDA:912,193,1,0
BRDA:913,194,0,0
BRDA:913,194,1,0
BRDA:922,195,0,0
BRDA:922,195,1,0
BRDA:925,196,0,0
BRDA:925,196,1,0
BRDA:933,197,0,0
BRDA:933,197,1,0
BRDA:933,198,0,0
BRDA:933,198,1,0
BRDA:939,199,0,0
BRDA:939,199,1,0
BRDA:939,200,0,0
BRDA:939,200,1,0
BRDA:947,201,0,0
BRDA:947,201,1,0
BRDA:947,202,0,0
BRDA:947,202,1,0
BRDA:950,203,0,0
BRDA:950,203,1,0
BRDA:952,204,0,0
BRDA:952,204,1,0
BRDA:956,205,0,0
BRDA:956,205,1,0
BRDA:965,206,0,0
BRDA:965,206,1,0
BRDA:965,207,0,0
BRDA:965,207,1,0
BRDA:972,208,0,0
BRDA:972,208,1,0
BRDA:973,209,0,0
BRDA:973,209,1,0
BRDA:980,210,0,0
BRDA:980,210,1,0
BRDA:980,211,0,0
BRDA:980,211,1,0
BRDA:982,212,0,0
BRDA:982,212,1,0
BRDA:988,213,0,0
BRDA:988,213,1,0
BRDA:988,214,0,0
BRDA:988,214,1,0
BRDA:1001,215,0,0
BRDA:1001,215,1,0
BRDA:1001,216,0,0
BRDA:1001,216,1,0
BRDA:1004,217,0,0
BRDA:1004,217,1,0
BRDA:1004,218,0,0
BRDA:1004,218,1,0
BRDA:1005,219,0,0
BRDA:1005,219,1,0
BRDA:1010,220,0,0
BRDA:1010,220,1,0
BRDA:1016,221,0,0
BRDA:1016,221,1,0
BRDA:1024,222,0,0
BRDA:1024,222,1,0
BRDA:1030,223,0,0
BRDA:1030,223,1,0
BRDA:1056,224,0,0
BRDA:1056,224,1,0
BRDA:1059,225,0,0
BRDA:1059,225,1,0
BRDA:1059,226,0,0
BRDA:1059,226,1,0
BRDA:1061,227,0,0
BRDA:1061,227,1,0
BRDA:1061,228,0,0
BRDA:1061,228,1,0
BRDA:1080,229,0,0
BRDA:1080,229,1,0
BRDA:1085,230,0,0
BRDA:1085,230,1,0
BRDA:1089,231,0,0
BRDA:1089,231,1,0
BRDA:1091,232,0,0
BRDA:1091,232,1,0
BRDA:1094,233,0,0
BRDA:1094,233,1,0
BRDA:1099,234,0,0
BRDA:1099,234,1,0
BRDA:1099,235,0,0
BRDA:1099,235,1,0
BRDA:1106,236,0,0
BRDA:1106,236,1,0
BRDA:1112,237,0,0
BRDA:1112,237,1,0
BRDA:1114,238,0,0
BRDA:1114,238,1,0
BRDA:1114,239,0,0
BRDA:1114,239,1,0
BRDA:1114,239,2,0
BRDA:1122,240,0,0
BRDA:1122,240,1,0
BRDA:1129,241,0,0
BRDA:1129,241,1,0
BRDA:1135,242,0,0
BRDA:1135,242,1,0
BRDA:1142,243,0,0
BRDA:1142,243,1,0
BRDA:1146,244,0,0
BRDA:1146,244,1,0
BRDA:1150,245,0,0
BRDA:1150,245,1,0
BRDA:1153,246,0,0
BRDA:1153,246,1,0
BRDA:1168,247,0,0
BRDA:1168,247,1,0
BRDA:1168,248,0,0
BRDA:1168,248,1,0
BRDA:1170,249,0,0
BRDA:1170,249,1,0
BRDA:1171,250,0,0
BRDA:1171,250,1,0
BRDA:1185,251,0,0
BRDA:1185,251,1,0
BRDA:1195,252,0,0
BRDA:1195,252,1,0
BRDA:1202,253,0,0
BRDA:1202,253,1,0
BRDA:1206,254,0,0
BRDA:1206,254,1,0
BRDA:1209,255,0,0
BRDA:1209,255,1,0
BRDA:1212,256,0,0
BRDA:1212,256,1,0
BRDA:1219,257,0,0
BRDA:1219,257,1,0
BRDA:1228,258,0,0
BRDA:1228,258,1,0
BRDA:1238,259,0,0
BRDA:1238,259,1,0
BRDA:1241,260,0,0
BRDA:1241,260,1,0
BRDA:1251,261,0,0
BRDA:1251,261,1,0
BRDA:1256,262,0,0
BRDA:1256,262,1,0
BRDA:1259,263,0,0
BRDA:1259,263,1,0
BRDA:1267,264,0,0
BRDA:1267,264,1,0
BRDA:1271,265,0,0
BRDA:1271,265,1,0
BRDA:1277,266,0,0
BRDA:1277,266,1,0
BRDA:1280,267,0,0
BRDA:1280,267,1,0
BRDA:1282,268,0,0
BRDA:1282,268,1,0
BRDA:1292,269,0,0
BRDA:1292,269,1,0
BRDA:1298,270,0,0
BRDA:1298,270,1,0
BRDA:1301,271,0,0
BRDA:1301,271,1,0
BRDA:1304,272,0,0
BRDA:1304,272,1,0
BRDA:1306,273,0,0
BRDA:1306,273,1,0
BRDA:1317,274,0,0
BRDA:1317,274,1,0
BRDA:1320,275,0,0
BRDA:1320,275,1,0
BRDA:1321,276,0,0
BRDA:1321,276,1,0
BRDA:1321,277,0,0
BRDA:1321,277,1,0
BRDA:1329,278,0,0
BRDA:1329,278,1,0
BRDA:1329,279,0,0
BRDA:1329,279,1,0
BRDA:1338,280,0,0
BRDA:1338,280,1,0
BRDA:1349,281,0,0
BRDA:1349,281,1,0
BRDA:1357,282,0,0
BRDA:1357,282,1,0
BRDA:1360,283,0,0
BRDA:1360,283,1,0
BRDA:1370,284,0,0
BRDA:1370,284,1,0
BRDA:1370,285,0,0
BRDA:1370,285,1,0
BRDA:1370,285,2,0
BRDA:1375,286,0,0
BRDA:1375,286,1,0
BRDA:1383,287,0,0
BRDA:1383,287,1,0
BRDA:1387,288,0,0
BRDA:1387,288,1,0
BRDA:1387,289,0,0
BRDA:1387,289,1,0
BRDA:1388,290,0,0
BRDA:1388,290,1,0
BRDA:1391,291,0,0
BRDA:1391,291,1,0
BRDA:1399,292,0,0
BRDA:1399,292,1,0
BRDA:1411,293,0,0
BRDA:1411,293,1,0
BRDA:1416,294,0,0
BRDA:1416,294,1,0
BRDA:1419,295,0,0
BRDA:1419,295,1,0
BRDA:1430,296,0,0
BRDA:1430,296,1,0
BRDA:1434,297,0,0
BRDA:1434,297,1,0
BRDA:1437,298,0,0
BRDA:1437,298,1,0
BRDA:1437,299,0,0
BRDA:1437,299,1,0
BRDA:1440,300,0,0
BRDA:1440,300,1,0
BRDA:1444,301,0,0
BRDA:1444,301,1,0
BRDA:1445,302,0,0
BRDA:1445,302,1,0
BRDA:1451,303,0,0
BRDA:1451,303,1,0
BRDA:1459,304,0,0
BRDA:1460,305,0,0
BRDA:1460,305,1,1
BRDA:1463,306,0,1
BRDA:1463,306,1,1
BRDA:1466,307,0,0
BRDA:1466,307,1,1
BRDA:1468,308,0,0
BRDA:1468,308,1,0
BRDA:1468,309,0,0
BRDA:1468,309,1,0
BRDA:1468,310,0,0
BRDA:1468,310,1,0
BRDA:1469,311,0,0
BRDA:1469,311,1,0
BRDA:1469,311,2,0
BRDA:1469,312,0,0
BRDA:1469,312,1,0
BRDA:1470,313,0,0
BRDA:1470,313,1,0
BRDA:1470,313,2,0
BRDA:1470,314,0,0
BRDA:1470,314,1,0
BRDA:1471,315,0,0
BRDA:1471,315,1,0
BRDA:1471,316,0,0
BRDA:1471,316,1,0
BRDA:1472,317,0,0
BRDA:1472,317,1,0
BRDA:1477,318,0,0
BRDA:1477,318,1,1
BRDA:1482,319,0,0
BRDA:1482,319,1,0
BRDA:1482,320,0,0
BRDA:1482,320,1,0
BRDA:1482,321,0,0
BRDA:1482,321,1,0
BRDA:1483,322,0,0
BRDA:1483,322,1,0
BRDA:1484,323,0,0
BRDA:1484,323,1,0
BRDA:1484,323,2,0
BRDA:1484,324,0,0
BRDA:1484,324,1,0
BRDA:1485,325,0,0
BRDA:1485,325,1,0
BRDA:1486,326,0,0
BRDA:1486,326,1,0
BRDA:1487,327,0,0
BRDA:1487,327,1,0
BRDA:1488,328,0,0
BRDA:1488,328,1,0
BRDA:1489,329,0,0
BRDA:1489,329,1,0
BRDA:1489,329,2,0
BRDA:1506,330,0,0
BRDA:1506,330,1,1
BRDA:1508,331,0,0
BRDA:1508,331,1,0
BRDA:1508,332,0,0
BRDA:1508,332,1,0
BRDA:1508,332,2,0
BRDA:1515,333,0,0
BRDA:1515,333,1,0
BRDA:1529,334,0,0
BRDA:1529,334,1,0
BRDA:1534,335,0,0
BRDA:1534,335,1,0
BRDA:1539,336,0,0
BRDA:1540,337,0,0
BRDA:1540,337,1,0
BRDA:1543,338,0,0
BRDA:1543,338,1,0
BRDA:1547,339,0,0
BRDA:1547,339,1,0
BRDA:1547,340,0,0
BRDA:1547,340,1,0
BRDA:1548,341,0,0
BRDA:1548,341,1,0
BRDA:1567,342,0,0
BRDA:1567,342,1,0
BRDA:1567,343,0,0
BRDA:1567,343,1,0
BRDA:1583,344,0,0
BRDA:1583,344,1,0
BRDA:1584,345,0,0
BRDA:1584,345,1,0
BRDA:1584,346,0,0
BRDA:1584,346,1,0
BRDA:1584,346,2,0
BRDA:1585,347,0,0
BRDA:1585,347,1,0
BRDA:1586,348,0,0
BRDA:1586,348,1,0
BRDA:1587,349,0,0
BRDA:1587,349,1,0
BRDA:1587,350,0,0
BRDA:1587,350,1,0
BRDA:1601,351,0,0
BRDA:1601,351,1,0
BRDA:1602,352,0,0
BRDA:1602,352,1,0
BRDA:1606,353,0,0
BRDA:1606,353,1,0
BRDA:1624,354,0,0
BRDA:1624,354,1,0
BRDA:1624,354,2,0
BRDA:1626,355,0,0
BRDA:1626,355,1,0
BRDA:1627,356,0,0
BRDA:1627,356,1,0
BRDA:1627,357,0,0
BRDA:1627,357,1,0
BRDA:1631,358,0,0
BRDA:1631,358,1,0
BRDA:1631,359,0,0
BRDA:1631,359,1,0
BRDA:1637,360,0,0
BRDA:1637,360,1,0
BRDA:1638,361,0,0
BRDA:1638,361,1,0
BRDA:1645,362,0,0
BRDA:1645,362,1,0
BRDA:1646,363,0,0
BRDA:1646,363,1,0
BRDA:1646,364,0,0
BRDA:1646,364,1,0
BRDA:1650,365,0,0
BRDA:1650,365,1,0
BRDA:1651,366,0,0
BRDA:1651,366,1,0
BRDA:1651,367,0,0
BRDA:1651,367,1,0
BRDA:1654,368,0,0
BRDA:1654,368,1,0
BRDA:1661,369,0,0
BRDA:1661,369,1,0
BRDA:1662,370,0,0
BRDA:1662,370,1,0
BRDA:1662,371,0,0
BRDA:1662,371,1,0
BRDA:1665,372,0,0
BRDA:1665,372,1,0
BRDA:1671,373,0,0
BRDA:1671,373,1,0
BRDA:1673,374,0,0
BRDA:1673,374,1,0
BRDA:1688,375,0,0
BRDA:1688,375,1,0
BRDA:1691,376,0,0
BRDA:1691,376,1,0
BRDA:1700,377,0,0
BRDA:1700,377,1,0
BRDA:1702,378,0,0
BRDA:1702,378,1,0
BRDA:1704,379,0,0
BRDA:1704,379,1,0
BRDA:1720,380,0,0
BRDA:1720,380,1,0
BRDA:1721,381,0,0
BRDA:1721,381,1,0
BRDA:1722,382,0,0
BRDA:1722,382,1,0
BRDA:1723,383,0,0
BRDA:1723,383,1,0
BRDA:1727,384,0,0
BRDA:1727,384,1,0
BRDA:1727,385,0,0
BRDA:1727,385,1,0
BRDA:1727,386,0,0
BRDA:1727,386,1,0
BRDA:1734,387,0,0
BRDA:1734,387,1,0
BRDA:1740,388,0,0
BRDA:1740,388,1,0
BRDA:1756,389,0,0
BRDA:1756,389,1,0
BRDA:1757,390,0,0
BRDA:1757,390,1,0
BRDA:1758,391,0,0
BRDA:1758,391,1,0
BRDA:1759,392,0,0
BRDA:1759,392,1,0
BRDA:1759,393,0,0
BRDA:1759,393,1,0
BRDA:1761,394,0,0
BRDA:1761,394,1,0
BRDA:1763,395,0,0
BRDA:1763,395,1,0
BRDA:1775,396,0,0
BRDA:1775,396,1,0
BRDA:1778,397,0,0
BRDA:1778,397,1,0
BRDA:1789,398,0,0
BRDA:1789,398,1,0
BRDA:1792,399,0,0
BRDA:1792,399,1,0
BRDA:1795,400,0,0
BRDA:1795,400,1,0
BRDA:1815,401,0,0
BRDA:1815,401,1,0
BRDA:1825,402,0,0
BRDA:1825,402,1,0
BRDA:1831,403,0,0
BRDA:1831,403,1,0
BRDA:1847,404,0,0
BRDA:1847,404,1,0
BRDA:1866,405,0,0
BRDA:1866,405,1,0
BRDA:1872,406,0,0
BRDA:1872,406,1,0
BRDA:1876,407,0,0
BRDA:1876,407,1,0
BRDA:1879,408,0,0
BRDA:1879,408,1,0
BRDA:1889,409,0,0
BRDA:1889,409,1,0
BRDA:1889,410,0,0
BRDA:1889,410,1,0
BRDA:1900,411,0,0
BRDA:1900,411,1,0
BRDA:1900,412,0,0
BRDA:1900,412,1,0
BRDA:1908,413,0,0
BRDA:1908,413,1,0
BRDA:1910,414,0,0
BRDA:1910,414,1,0
BRDA:1929,415,0,0
BRDA:1929,415,1,0
BRDA:1929,416,0,0
BRDA:1929,416,1,0
BRDA:1930,417,0,0
BRDA:1930,417,1,0
BRDA:1956,418,0,0
BRDA:1956,418,1,0
BRDA:1980,419,0,0
BRDA:1980,419,1,1
BRDA:1989,420,0,0
BRDA:1989,420,1,1
BRDA:1989,421,0,1
BRDA:1989,421,1,1
BRDA:1996,422,0,1
BRDA:1996,422,1,0
BRDA:1998,423,0,1
BRDA:1998,423,1,1
BRDA:2011,424,0,3
BRDA:2011,424,1,0
BRDA:2011,425,0,3
BRDA:2011,425,1,3
BRDA:2016,426,0,2
BRDA:2016,426,1,1
BRDA:2016,427,0,3
BRDA:2016,427,1,1
BRDA:2016,428,0,1
BRDA:2016,428,1,0
BRDA:2017,429,0,0
BRDA:2017,429,1,0
BRDA:2018,430,0,0
BRDA:2018,430,1,0
BRDA:2029,431,0,0
BRDA:2029,431,1,0
BRDA:2029,432,0,0
BRDA:2029,432,1,0
BRDA:2033,433,0,0
BRDA:2033,433,1,0
BRDA:2038,434,0,3
BRDA:2038,434,1,1
BRDA:2039,435,0,3
BRDA:2039,435,1,0
BRDA:2040,436,0,3
BRDA:2040,436,1,1
BRDA:2041,437,0,3
BRDA:2041,437,1,1
BRDA:2042,438,0,3
BRDA:2042,438,1,0
BRDA:2043,439,0,3
BRDA:2043,439,1,0
BRDA:2045,440,0,3
BRDA:2045,440,1,2
BRDA:2054,441,0,3
BRDA:2054,441,1,0
BRDA:2055,442,0,3
BRDA:2055,442,1,0
BRDA:2057,443,0,1
BRDA:2057,443,1,0
BRDA:2058,444,0,3
BRDA:2058,444,1,3
BRDA:2058,445,0,3
BRDA:2058,445,1,0
BRDA:2059,446,0,3
BRDA:2059,446,1,0
BRDA:2060,447,0,3
BRDA:2060,447,1,0
BRDA:2068,448,0,0
BRDA:2068,448,1,0
BRDA:2071,449,0,0
BRDA:2071,449,1,0
BRDA:2077,450,0,0
BRDA:2077,450,1,0
BRDA:2077,451,0,0
BRDA:2077,451,1,0
BRDA:2079,452,0,0
BRDA:2079,452,1,0
BRDA:2081,453,0,0
BRDA:2081,453,1,0
BRDA:2084,454,0,0
BRDA:2084,454,1,0
BRDA:2090,455,0,0
BRDA:2090,455,1,0
BRDA:2090,456,0,0
BRDA:2090,456,1,0
BRDA:2092,457,0,0
BRDA:2092,457,1,0
BRDA:2096,458,0,0
BRDA:2096,458,1,0
BRDA:2098,459,0,0
BRDA:2098,459,1,0
BRDA:2110,460,0,0
BRDA:2110,460,1,0
BRDA:2112,461,0,0
BRDA:2112,461,1,0
BRDA:2123,462,0,0
BRDA:2123,462,1,0
BRDA:2125,463,0,0
BRDA:2125,463,1,0
BRDA:2128,464,0,0
BRDA:2128,464,1,0
BRDA:2131,465,0,0
BRDA:2131,465,1,0
BRDA:2136,466,0,0
BRDA:2136,466,1,0
BRDA:2151,467,0,0
BRDA:2152,468,0,0
BRDA:2152,468,1,0
BRDA:2155,469,0,0
BRDA:2155,469,1,0
BRDA:2156,470,0,0
BRDA:2156,470,1,0
BRDA:2161,471,0,0
BRDA:2161,471,1,0
BRDA:2176,472,0,0
BRDA:2177,473,0,0
BRDA:2177,473,1,0
BRDA:2180,474,0,0
BRDA:2180,474,1,0
BRDA:2181,475,0,0
BRDA:2181,475,1,0
BRDA:2186,476,0,0
BRDA:2186,476,1,0
BRDA:2195,477,0,0
BRDA:2195,477,1,0
BRDA:2198,478,0,0
BRDA:2198,478,1,0
BRDA:2206,479,0,0
BRDA:2206,479,1,0
BRDA:2213,480,0,0
BRDA:2213,480,1,2
BRDA:2216,481,0,0
BRDA:2216,481,1,2
BRDA:2216,482,0,2
BRDA:2216,482,1,2
BRDA:2222,483,0,0
BRDA:2222,483,1,0
BRDA:2230,484,0,0
BRDA:2230,484,1,0
BRDA:2238,485,0,0
BRDA:2238,485,1,0
BRDA:2242,486,0,0
BRDA:2242,486,1,0
BRDA:2243,487,0,0
BRDA:2243,487,1,0
BRDA:2251,488,0,0
BRDA:2251,488,1,0
BRDA:2264,489,0,0
BRDA:2264,489,1,0
BRDA:2267,490,0,0
BRDA:2267,490,1,0
BRDA:2276,491,0,0
BRDA:2276,491,1,0
BRDA:2276,492,0,0
BRDA:2276,492,1,0
BRF:997
BRH:85
end_of_record
